#
# There is insufficient memory for the Java Runtime Environment to continue.
# Native memory allocation (malloc) failed to allocate 1088656 bytes for Chunk::new
# Possible reasons:
#   The system is out of physical RAM or swap space
#   The process is running with CompressedOops enabled, and the Java Heap may be blocking the growth of the native heap
# Possible solutions:
#   Reduce memory load on the system
#   Increase physical memory or swap space
#   Check if swap backing store is full
#   Decrease Java heap size (-Xmx/-Xms)
#   Decrease number of Java threads
#   Decrease Java thread stack sizes (-Xss)
#   Set larger code cache with -XX:ReservedCodeCacheSize=
#   JVM is running with Unscaled Compressed Oops mode in which the Java heap is
#     placed in the first 4GB address space. The Java Heap base address is the
#     maximum limit for the native heap growth. Please use -XX:HeapBaseMinAddress
#     to set the Java Heap base and to place the Java Heap above 4GB virtual address.
# This output file may be truncated or incomplete.
#
#  Out of Memory Error (arena.cpp:189), pid=4148, tid=11200
#
# JRE version: OpenJDK Runtime Environment Temurin-17.0.8.1+1 (17.0.8.1+1) (build 17.0.8.1+1)
# Java VM: OpenJDK 64-Bit Server VM Temurin-17.0.8.1+1 (17.0.8.1+1, mixed mode, sharing, tiered, compressed oops, compressed class ptrs, g1 gc, windows-amd64)
# No core dump will be written. Minidumps are not enabled by default on client versions of Windows
#

---------------  S U M M A R Y ------------

Command Line: --add-opens=java.base/java.util=ALL-UNNAMED --add-opens=java.base/java.lang=ALL-UNNAMED --add-opens=java.base/java.lang.invoke=ALL-UNNAMED --add-opens=java.prefs/java.util.prefs=ALL-UNNAMED --add-exports=jdk.compiler/com.sun.tools.javac.api=ALL-UNNAMED --add-exports=jdk.compiler/com.sun.tools.javac.util=ALL-UNNAMED --add-opens=java.base/java.nio.charset=ALL-UNNAMED --add-opens=java.base/java.net=ALL-UNNAMED --add-opens=java.base/java.util.concurrent.atomic=ALL-UNNAMED -XX:MaxMetaspaceSize=384m -XX:+HeapDumpOnOutOfMemoryError -Xms256m -Xmx512m -Dfile.encoding=UTF-8 -Duser.country -Duser.language=en -Duser.variant -javaagent:C:\Users\USER\.gradle\wrapper\dists\gradle-8.10.2-bin\a04bxjujx95o3nb99gddekhwo\gradle-8.10.2\lib\agents\gradle-instrumentation-agent-8.10.2.jar org.gradle.launcher.daemon.bootstrap.GradleDaemon 8.10.2

Host: AMD Ryzen 3 2300U with Radeon Vega Mobile Gfx  , 4 cores, 3G,  Windows 10 , 64 bit Build 19041 (10.0.19041.5198)
Time: Thu Jan 30 22:24:58 2025  Windows 10 , 64 bit Build 19041 (10.0.19041.5198) elapsed time: 80.055124 seconds (0d 0h 1m 20s)

---------------  T H R E A D  ---------------

Current thread (0x00000251f50a19d0):  JavaThread "C2 CompilerThread0" daemon [_thread_in_native, id=11200, stack(0x000000be0ab00000,0x000000be0ac00000)]


Current CompileTask:
C2:  80055 11655   !   4       com.sun.tools.javac.api.ClientCodeWrapper$WrappedJavaFileManager::inferBinaryName (32 bytes)

Stack: [0x000000be0ab00000,0x000000be0ac00000]
Native frames: (J=compiled Java code, j=interpreted, Vv=VM code, C=native code)
V  [jvm.dll+0x678b0a]
V  [jvm.dll+0x835e84]
V  [jvm.dll+0x83762e]
V  [jvm.dll+0x837c93]
V  [jvm.dll+0x24746f]
V  [jvm.dll+0xac20c]
V  [jvm.dll+0xac7dc]
V  [jvm.dll+0x365c52]
V  [jvm.dll+0x3301a1]
V  [jvm.dll+0x32f64a]
V  [jvm.dll+0x219bf1]
V  [jvm.dll+0x219011]
V  [jvm.dll+0x1a534d]
V  [jvm.dll+0x228d8a]
V  [jvm.dll+0x226dcc]
V  [jvm.dll+0x7ec09b]
V  [jvm.dll+0x7e64ca]
V  [jvm.dll+0x677955]
C  [ucrtbase.dll+0x21bb2]
C  [KERNEL32.DLL+0x17374]
C  [ntdll.dll+0x4cc91]


---------------  P R O C E S S  ---------------

Threads class SMR info:
_java_thread_list=0x00000251fc362e60, length=88, elements={
0x00000251e9d51180, 0x00000251f50436a0, 0x00000251f5043f70, 0x00000251f505abe0,
0x00000251f505b4b0, 0x00000251f505e1a0, 0x00000251f50a0090, 0x00000251f50a19d0,
0x00000251f5073340, 0x00000251f507bc40, 0x00000251f518a600, 0x00000251f52d7950,
0x00000251fabf5680, 0x00000251fad48d70, 0x00000251fad8a040, 0x00000251faed2f00,
0x00000251fac649c0, 0x00000251fac66820, 0x00000251fac63580, 0x00000251fac63070,
0x00000251fac644b0, 0x00000251fac63a90, 0x00000251fac66310, 0x00000251fac64ed0,
0x00000251fac653e0, 0x00000251fac63fa0, 0x00000251fac658f0, 0x00000251fac65e00,
0x00000251facf70c0, 0x00000251facf9430, 0x00000251facf9e50, 0x00000251facf75d0,
0x00000251facfa870, 0x00000251facf8f20, 0x00000251facf7ae0, 0x00000251facf7ff0,
0x00000251facf9940, 0x00000251facfa360, 0x00000251fc0fb840, 0x00000251fc0fd6a0,
0x00000251fc0fd190, 0x00000251fc0fb330, 0x00000251fc0fdbb0, 0x00000251fc0fbd50,
0x00000251fc0fc260, 0x00000251fc0fc770, 0x00000251fc0fe5d0, 0x00000251fc0feae0,
0x00000251fc0fcc80, 0x00000251fceeb140, 0x00000251fceeca90, 0x00000251fceefd30,
0x00000251fceee3e0, 0x00000251fceeac30, 0x00000251fcef0240, 0x00000251fceeb650,
0x00000251fcef1170, 0x00000251fcef0c60, 0x00000251fcef0750, 0x00000251fceef310,
0x00000251fceec070, 0x00000251fceea720, 0x00000251fcee9d00, 0x00000251fceebb60,
0x00000251fceec580, 0x00000251fceecfa0, 0x00000251fceed4b0, 0x00000251fceef820,
0x00000251fceed9c0, 0x00000251fceeded0, 0x00000251fceee8f0, 0x00000251fceeee00,
0x00000251fcef1680, 0x00000251fceea210, 0x00000251fcaddda0, 0x00000251fcae1f70,
0x00000251fcae42e0, 0x00000251fcade7c0, 0x00000251fcade2b0, 0x00000251fcadd380,
0x00000251fcadf6f0, 0x00000251fcadce70, 0x00000251fcae33b0, 0x00000251fcae38c0,
0x00000251fcae3dd0, 0x00000251fcae0620, 0x00000251fcae2990, 0x00000251fcae2ea0
}

Java Threads: ( => current thread )
  0x00000251e9d51180 JavaThread "main" [_thread_blocked, id=17708, stack(0x000000be09e00000,0x000000be09f00000)]
  0x00000251f50436a0 JavaThread "Reference Handler" daemon [_thread_blocked, id=9320, stack(0x000000be0a500000,0x000000be0a600000)]
  0x00000251f5043f70 JavaThread "Finalizer" daemon [_thread_blocked, id=7236, stack(0x000000be0a600000,0x000000be0a700000)]
  0x00000251f505abe0 JavaThread "Signal Dispatcher" daemon [_thread_blocked, id=3388, stack(0x000000be0a700000,0x000000be0a800000)]
  0x00000251f505b4b0 JavaThread "Attach Listener" daemon [_thread_blocked, id=17252, stack(0x000000be0a800000,0x000000be0a900000)]
  0x00000251f505e1a0 JavaThread "Service Thread" daemon [_thread_blocked, id=20148, stack(0x000000be0a900000,0x000000be0aa00000)]
  0x00000251f50a0090 JavaThread "Monitor Deflation Thread" daemon [_thread_blocked, id=18124, stack(0x000000be0aa00000,0x000000be0ab00000)]
=>0x00000251f50a19d0 JavaThread "C2 CompilerThread0" daemon [_thread_in_native, id=11200, stack(0x000000be0ab00000,0x000000be0ac00000)]
  0x00000251f5073340 JavaThread "C1 CompilerThread0" daemon [_thread_blocked, id=10348, stack(0x000000be0ac00000,0x000000be0ad00000)]
  0x00000251f507bc40 JavaThread "Sweeper thread" daemon [_thread_blocked, id=5424, stack(0x000000be0ad00000,0x000000be0ae00000)]
  0x00000251f518a600 JavaThread "Common-Cleaner" daemon [_thread_blocked, id=13456, stack(0x000000be0ae00000,0x000000be0af00000)]
  0x00000251f52d7950 JavaThread "Notification Thread" daemon [_thread_blocked, id=4184, stack(0x000000be0af00000,0x000000be0b000000)]
  0x00000251fabf5680 JavaThread "Daemon health stats" [_thread_blocked, id=3100, stack(0x000000be0b400000,0x000000be0b500000)]
  0x00000251fad48d70 JavaThread "Incoming local TCP Connector on port 14292" [_thread_in_native, id=21492, stack(0x000000be0b500000,0x000000be0b600000)]
  0x00000251fad8a040 JavaThread "Daemon periodic checks" [_thread_blocked, id=20236, stack(0x000000be0b600000,0x000000be0b700000)]
  0x00000251faed2f00 JavaThread "Daemon" [_thread_blocked, id=13892, stack(0x000000be0b700000,0x000000be0b800000)]
  0x00000251fac649c0 JavaThread "Handler for socket connection from /127.0.0.1:14292 to /127.0.0.1:14293" [_thread_in_native, id=5500, stack(0x000000be0b800000,0x000000be0b900000)]
  0x00000251fac66820 JavaThread "Cancel handler" [_thread_blocked, id=17592, stack(0x000000be0b900000,0x000000be0ba00000)]
  0x00000251fac63580 JavaThread "Daemon worker" [_thread_blocked, id=20676, stack(0x000000be0ba00000,0x000000be0bb00000)]
  0x00000251fac63070 JavaThread "Asynchronous log dispatcher for DefaultDaemonConnection: socket connection from /127.0.0.1:14292 to /127.0.0.1:14293" [_thread_blocked, id=12868, stack(0x000000be0bb00000,0x000000be0bc00000)]
  0x00000251fac644b0 JavaThread "Stdin handler" [_thread_blocked, id=11416, stack(0x000000be0bc00000,0x000000be0bd00000)]
  0x00000251fac63a90 JavaThread "Daemon client event forwarder" [_thread_blocked, id=3132, stack(0x000000be0bd00000,0x000000be0be00000)]
  0x00000251fac66310 JavaThread "Cache worker for journal cache (C:\Users\USER\.gradle\caches\journal-1)" [_thread_blocked, id=13928, stack(0x000000be0be00000,0x000000be0bf00000)]
  0x00000251fac64ed0 JavaThread "File lock request listener" [_thread_in_native, id=18628, stack(0x000000be0bf00000,0x000000be0c000000)]
  0x00000251fac653e0 JavaThread "Cache worker for file hash cache (C:\Users\USER\.gradle\caches\8.10.2\fileHashes)" [_thread_blocked, id=9220, stack(0x000000be0c000000,0x000000be0c100000)]
  0x00000251fac63fa0 JavaThread "File lock release action executor" [_thread_blocked, id=3344, stack(0x000000be0c100000,0x000000be0c200000)]
  0x00000251fac658f0 JavaThread "Cache worker for file hash cache (C:\kjy\workspace\project_sjhealthy\.gradle\8.10.2\fileHashes)" [_thread_blocked, id=19164, stack(0x000000be0c200000,0x000000be0c300000)]
  0x00000251fac65e00 JavaThread "Cache worker for Build Output Cleanup Cache (C:\kjy\workspace\project_sjhealthy\.gradle\buildOutputCleanup)" [_thread_blocked, id=21404, stack(0x000000be0c300000,0x000000be0c400000)]
  0x00000251facf70c0 JavaThread "File watcher server" daemon [_thread_in_native, id=13460, stack(0x000000be0c400000,0x000000be0c500000)]
  0x00000251facf9430 JavaThread "File watcher consumer" daemon [_thread_blocked, id=8672, stack(0x000000be0c500000,0x000000be0c600000)]
  0x00000251facf9e50 JavaThread "Cache worker for checksums cache (C:\kjy\workspace\project_sjhealthy\.gradle\8.10.2\checksums)" [_thread_blocked, id=6104, stack(0x000000be0c600000,0x000000be0c700000)]
  0x00000251facf75d0 JavaThread "Cache worker for file content cache (C:\Users\USER\.gradle\caches\8.10.2\fileContent)" [_thread_blocked, id=8156, stack(0x000000be0c700000,0x000000be0c800000)]
  0x00000251facfa870 JavaThread "Cache worker for cache directory md-rule (C:\Users\USER\.gradle\caches\8.10.2\md-rule)" [_thread_blocked, id=10940, stack(0x000000be0c800000,0x000000be0c900000)]
  0x00000251facf8f20 JavaThread "Cache worker for cache directory md-supplier (C:\Users\USER\.gradle\caches\8.10.2\md-supplier)" [_thread_blocked, id=12504, stack(0x000000be0c900000,0x000000be0ca00000)]
  0x00000251facf7ae0 JavaThread "jar transforms" [_thread_blocked, id=8308, stack(0x000000be0ca00000,0x000000be0cb00000)]
  0x00000251facf7ff0 JavaThread "jar transforms Thread 2" [_thread_blocked, id=21092, stack(0x000000be0cb00000,0x000000be0cc00000)]
  0x00000251facf9940 JavaThread "jar transforms Thread 3" [_thread_blocked, id=4004, stack(0x000000be0cd00000,0x000000be0ce00000)]
  0x00000251facfa360 JavaThread "jar transforms Thread 4" [_thread_blocked, id=8428, stack(0x000000be0ce00000,0x000000be0cf00000)]
  0x00000251fc0fb840 JavaThread "Unconstrained build operations" [_thread_blocked, id=10012, stack(0x000000be0cf00000,0x000000be0d000000)]
  0x00000251fc0fd6a0 JavaThread "Unconstrained build operations Thread 2" [_thread_blocked, id=13248, stack(0x000000be0d000000,0x000000be0d100000)]
  0x00000251fc0fd190 JavaThread "Unconstrained build operations Thread 3" [_thread_blocked, id=9280, stack(0x000000be0d100000,0x000000be0d200000)]
  0x00000251fc0fb330 JavaThread "Unconstrained build operations Thread 4" [_thread_blocked, id=13052, stack(0x000000be0d200000,0x000000be0d300000)]
  0x00000251fc0fdbb0 JavaThread "Unconstrained build operations Thread 5" [_thread_blocked, id=21032, stack(0x000000be0d300000,0x000000be0d400000)]
  0x00000251fc0fbd50 JavaThread "Unconstrained build operations Thread 6" [_thread_blocked, id=19424, stack(0x000000be0d400000,0x000000be0d500000)]
  0x00000251fc0fc260 JavaThread "Unconstrained build operations Thread 7" [_thread_blocked, id=20884, stack(0x000000be0d500000,0x000000be0d600000)]
  0x00000251fc0fc770 JavaThread "Unconstrained build operations Thread 8" [_thread_blocked, id=13740, stack(0x000000be0d600000,0x000000be0d700000)]
  0x00000251fc0fe5d0 JavaThread "Unconstrained build operations Thread 9" [_thread_blocked, id=11904, stack(0x000000be0d700000,0x000000be0d800000)]
  0x00000251fc0feae0 JavaThread "Memory manager" [_thread_blocked, id=1576, stack(0x000000be0d800000,0x000000be0d900000)]
  0x00000251fc0fcc80 JavaThread "ForkJoinPool.commonPool-worker-1" daemon [_thread_blocked, id=17112, stack(0x000000be0d900000,0x000000be0da00000)]
  0x00000251fceeb140 JavaThread "ForkJoinPool.commonPool-worker-2" daemon [_thread_blocked, id=13660, stack(0x000000be0da00000,0x000000be0db00000)]
  0x00000251fceeca90 JavaThread "ForkJoinPool.commonPool-worker-3" daemon [_thread_blocked, id=14664, stack(0x000000be0db00000,0x000000be0dc00000)]
  0x00000251fceefd30 JavaThread "Unconstrained build operations Thread 10" [_thread_blocked, id=10088, stack(0x000000be0dc00000,0x000000be0dd00000)]
  0x00000251fceee3e0 JavaThread "Unconstrained build operations Thread 11" [_thread_blocked, id=14500, stack(0x000000be0dd00000,0x000000be0de00000)]
  0x00000251fceeac30 JavaThread "Unconstrained build operations Thread 12" [_thread_blocked, id=7324, stack(0x000000be0de00000,0x000000be0df00000)]
  0x00000251fcef0240 JavaThread "Unconstrained build operations Thread 13" [_thread_blocked, id=5276, stack(0x000000be0df00000,0x000000be0e000000)]
  0x00000251fceeb650 JavaThread "Unconstrained build operations Thread 14" [_thread_blocked, id=2876, stack(0x000000be0e000000,0x000000be0e100000)]
  0x00000251fcef1170 JavaThread "Unconstrained build operations Thread 15" [_thread_blocked, id=17044, stack(0x000000be0e100000,0x000000be0e200000)]
  0x00000251fcef0c60 JavaThread "Unconstrained build operations Thread 16" [_thread_blocked, id=15928, stack(0x000000be0e200000,0x000000be0e300000)]
  0x00000251fcef0750 JavaThread "Unconstrained build operations Thread 17" [_thread_blocked, id=2544, stack(0x000000be0e300000,0x000000be0e400000)]
  0x00000251fceef310 JavaThread "Unconstrained build operations Thread 18" [_thread_blocked, id=19584, stack(0x000000be0e400000,0x000000be0e500000)]
  0x00000251fceec070 JavaThread "Unconstrained build operations Thread 19" [_thread_blocked, id=20136, stack(0x000000be0e500000,0x000000be0e600000)]
  0x00000251fceea720 JavaThread "Unconstrained build operations Thread 20" [_thread_blocked, id=10092, stack(0x000000be0e600000,0x000000be0e700000)]
  0x00000251fcee9d00 JavaThread "Unconstrained build operations Thread 21" [_thread_blocked, id=16924, stack(0x000000be0e700000,0x000000be0e800000)]
  0x00000251fceebb60 JavaThread "Unconstrained build operations Thread 22" [_thread_blocked, id=20720, stack(0x000000be0e800000,0x000000be0e900000)]
  0x00000251fceec580 JavaThread "Unconstrained build operations Thread 23" [_thread_blocked, id=20428, stack(0x000000be0e900000,0x000000be0ea00000)]
  0x00000251fceecfa0 JavaThread "Unconstrained build operations Thread 24" [_thread_blocked, id=7976, stack(0x000000be0ea00000,0x000000be0eb00000)]
  0x00000251fceed4b0 JavaThread "Unconstrained build operations Thread 25" [_thread_blocked, id=14816, stack(0x000000be0eb00000,0x000000be0ec00000)]
  0x00000251fceef820 JavaThread "Unconstrained build operations Thread 26" [_thread_blocked, id=12340, stack(0x000000be0ec00000,0x000000be0ed00000)]
  0x00000251fceed9c0 JavaThread "Unconstrained build operations Thread 27" [_thread_blocked, id=3008, stack(0x000000be0ed00000,0x000000be0ee00000)]
  0x00000251fceeded0 JavaThread "Unconstrained build operations Thread 28" [_thread_blocked, id=20936, stack(0x000000be0ee00000,0x000000be0ef00000)]
  0x00000251fceee8f0 JavaThread "Unconstrained build operations Thread 29" [_thread_blocked, id=19620, stack(0x000000be0ef00000,0x000000be0f000000)]
  0x00000251fceeee00 JavaThread "Unconstrained build operations Thread 30" [_thread_blocked, id=11664, stack(0x000000be0f000000,0x000000be0f100000)]
  0x00000251fcef1680 JavaThread "Unconstrained build operations Thread 31" [_thread_blocked, id=9304, stack(0x000000be0f100000,0x000000be0f200000)]
  0x00000251fceea210 JavaThread "Unconstrained build operations Thread 32" [_thread_blocked, id=20320, stack(0x000000be0f200000,0x000000be0f300000)]
  0x00000251fcaddda0 JavaThread "Unconstrained build operations Thread 33" [_thread_blocked, id=20384, stack(0x000000be0f300000,0x000000be0f400000)]
  0x00000251fcae1f70 JavaThread "Unconstrained build operations Thread 34" [_thread_blocked, id=17748, stack(0x000000be0f400000,0x000000be0f500000)]
  0x00000251fcae42e0 JavaThread "Unconstrained build operations Thread 35" [_thread_blocked, id=19608, stack(0x000000be0f500000,0x000000be0f600000)]
  0x00000251fcade7c0 JavaThread "Unconstrained build operations Thread 36" [_thread_blocked, id=11572, stack(0x000000be0f600000,0x000000be0f700000)]
  0x00000251fcade2b0 JavaThread "Unconstrained build operations Thread 37" [_thread_blocked, id=7828, stack(0x000000be0f700000,0x000000be0f800000)]
  0x00000251fcadd380 JavaThread "Unconstrained build operations Thread 38" [_thread_blocked, id=21428, stack(0x000000be0f800000,0x000000be0f900000)]
  0x00000251fcadf6f0 JavaThread "Unconstrained build operations Thread 39" [_thread_blocked, id=15744, stack(0x000000be0f900000,0x000000be0fa00000)]
  0x00000251fcadce70 JavaThread "Unconstrained build operations Thread 40" [_thread_blocked, id=18820, stack(0x000000be0fa00000,0x000000be0fb00000)]
  0x00000251fcae33b0 JavaThread "included builds" [_thread_in_Java, id=20160, stack(0x000000be0fe00000,0x000000be0ff00000)]
  0x00000251fcae38c0 JavaThread "Execution worker" [_thread_blocked, id=18864, stack(0x000000be0ff00000,0x000000be10000000)]
  0x00000251fcae3dd0 JavaThread "Execution worker Thread 2" [_thread_blocked, id=19580, stack(0x000000be10000000,0x000000be10100000)]
  0x00000251fcae0620 JavaThread "Execution worker Thread 3" [_thread_blocked, id=11408, stack(0x000000be10100000,0x000000be10200000)]
  0x00000251fcae2990 JavaThread "Cache worker for execution history cache (C:\kjy\workspace\project_sjhealthy\.gradle\8.10.2\executionHistory)" [_thread_blocked, id=17240, stack(0x000000be10200000,0x000000be10300000)]
  0x00000251fcae2ea0 JavaThread "Cache worker for Java compile cache (C:\Users\USER\.gradle\caches\8.10.2\javaCompile)" [_thread_blocked, id=8232, stack(0x000000be10300000,0x000000be10400000)]

Other Threads:
  0x00000251f503ef90 VMThread "VM Thread" [stack: 0x000000be0a400000,0x000000be0a500000] [id=2136]
  0x00000251f523a730 WatcherThread [stack: 0x000000be0b000000,0x000000be0b100000] [id=9488]
  0x00000251e9d7ccf0 GCTaskThread "GC Thread#0" [stack: 0x000000be09f00000,0x000000be0a000000] [id=10432]
  0x00000251f52f0610 GCTaskThread "GC Thread#1" [stack: 0x000000be0b100000,0x000000be0b200000] [id=20584]
  0x00000251f5364e90 GCTaskThread "GC Thread#2" [stack: 0x000000be0b200000,0x000000be0b300000] [id=864]
  0x00000251f5365150 GCTaskThread "GC Thread#3" [stack: 0x000000be0b300000,0x000000be0b400000] [id=20540]
  0x00000251e9d82360 ConcurrentGCThread "G1 Main Marker" [stack: 0x000000be0a000000,0x000000be0a100000] [id=20764]
  0x00000251e9d84430 ConcurrentGCThread "G1 Conc#0" [stack: 0x000000be0a100000,0x000000be0a200000] [id=9668]
  0x00000251e9e0e4f0 ConcurrentGCThread "G1 Refine#0" [stack: 0x000000be0a200000,0x000000be0a300000] [id=21388]
  0x00000251fce58c40 ConcurrentGCThread "G1 Refine#1" [stack: 0x000000be0cc00000,0x000000be0cd00000] [id=10420]
  0x00000251fc263810 ConcurrentGCThread "G1 Refine#2" [stack: 0x000000be0fd00000,0x000000be0fe00000] [id=10400]
  0x00000251e9e0ebd0 ConcurrentGCThread "G1 Service" [stack: 0x000000be0a300000,0x000000be0a400000] [id=12140]

Threads with active compile tasks:
C2 CompilerThread0    80166 11655   !   4       com.sun.tools.javac.api.ClientCodeWrapper$WrappedJavaFileManager::inferBinaryName (32 bytes)
C1 CompilerThread0    80166 11740       2       com.sun.tools.javac.code.Scope$CompoundScope::<init> (22 bytes)

VM state: not at safepoint (normal execution)

VM Mutex/Monitor currently owned by a thread: None

Heap address: 0x00000000e0000000, size: 512 MB, Compressed Oops mode: 32-bit

CDS archive(s) mapped at: [0x000002518f000000-0x000002518fbd0000-0x000002518fbd0000), size 12386304, SharedBaseAddress: 0x000002518f000000, ArchiveRelocationMode: 1.
Compressed class space mapped at: 0x0000025190000000-0x00000251a4000000, reserved size: 335544320
Narrow klass base: 0x000002518f000000, Narrow klass shift: 0, Narrow klass range: 0x100000000

GC Precious Log:
 CPUs: 4 total, 4 available
 Memory: 3485M
 Large Page Support: Disabled
 NUMA Support: Disabled
 Compressed Oops: Enabled (32-bit)
 Heap Region Size: 1M
 Heap Min Capacity: 256M
 Heap Initial Capacity: 256M
 Heap Max Capacity: 512M
 Pre-touch: Disabled
 Parallel Workers: 4
 Concurrent Workers: 1
 Concurrent Refinement Workers: 4
 Periodic GC: Disabled

Heap:
 garbage-first heap   total 262144K, used 133906K [0x00000000e0000000, 0x0000000100000000)
  region size 1024K, 74 young (75776K), 3 survivors (3072K)
 Metaspace       used 65251K, committed 65792K, reserved 393216K
  class space    used 8911K, committed 9152K, reserved 327680K

Heap Regions: E=young(eden), S=young(survivor), O=old, HS=humongous(starts), HC=humongous(continues), CS=collection set, F=free, OA=open archive, CA=closed archive, TAMS=top-at-mark-start (previous, next)
|   0|0x00000000e0000000, 0x00000000e0100000, 0x00000000e0100000|100%|HS|  |TAMS 0x00000000e0100000, 0x00000000e0000000| Complete 
|   1|0x00000000e0100000, 0x00000000e0200000, 0x00000000e0200000|100%|HC|  |TAMS 0x00000000e0200000, 0x00000000e0100000| Complete 
|   2|0x00000000e0200000, 0x00000000e0300000, 0x00000000e0300000|100%|HC|  |TAMS 0x00000000e0300000, 0x00000000e0200000| Complete 
|   3|0x00000000e0300000, 0x00000000e0400000, 0x00000000e0400000|100%|HC|  |TAMS 0x00000000e0400000, 0x00000000e0300000| Complete 
|   4|0x00000000e0400000, 0x00000000e0500000, 0x00000000e0500000|100%| O|  |TAMS 0x00000000e0500000, 0x00000000e0400000| Untracked 
|   5|0x00000000e0500000, 0x00000000e0600000, 0x00000000e0600000|100%| O|  |TAMS 0x00000000e0600000, 0x00000000e0500000| Untracked 
|   6|0x00000000e0600000, 0x00000000e0700000, 0x00000000e0700000|100%| O|  |TAMS 0x00000000e0700000, 0x00000000e0600000| Untracked 
|   7|0x00000000e0700000, 0x00000000e0800000, 0x00000000e0800000|100%| O|  |TAMS 0x00000000e0800000, 0x00000000e0700000| Untracked 
|   8|0x00000000e0800000, 0x00000000e0900000, 0x00000000e0900000|100%|HS|  |TAMS 0x00000000e0900000, 0x00000000e0800000| Complete 
|   9|0x00000000e0900000, 0x00000000e0a00000, 0x00000000e0a00000|100%| O|  |TAMS 0x00000000e0a00000, 0x00000000e0900000| Untracked 
|  10|0x00000000e0a00000, 0x00000000e0b00000, 0x00000000e0b00000|100%| O|  |TAMS 0x00000000e0b00000, 0x00000000e0a00000| Untracked 
|  11|0x00000000e0b00000, 0x00000000e0c00000, 0x00000000e0c00000|100%| O|  |TAMS 0x00000000e0c00000, 0x00000000e0b00000| Untracked 
|  12|0x00000000e0c00000, 0x00000000e0d00000, 0x00000000e0d00000|100%| O|  |TAMS 0x00000000e0d00000, 0x00000000e0c00000| Untracked 
|  13|0x00000000e0d00000, 0x00000000e0e00000, 0x00000000e0e00000|100%| O|  |TAMS 0x00000000e0e00000, 0x00000000e0d00000| Untracked 
|  14|0x00000000e0e00000, 0x00000000e0f00000, 0x00000000e0f00000|100%| O|  |TAMS 0x00000000e0f00000, 0x00000000e0e00000| Untracked 
|  15|0x00000000e0f00000, 0x00000000e1000000, 0x00000000e1000000|100%| O|  |TAMS 0x00000000e1000000, 0x00000000e0f00000| Untracked 
|  16|0x00000000e1000000, 0x00000000e1100000, 0x00000000e1100000|100%| O|  |TAMS 0x00000000e1100000, 0x00000000e1000000| Untracked 
|  17|0x00000000e1100000, 0x00000000e1200000, 0x00000000e1200000|100%| O|  |TAMS 0x00000000e1200000, 0x00000000e1100000| Untracked 
|  18|0x00000000e1200000, 0x00000000e1300000, 0x00000000e1300000|100%| O|  |TAMS 0x00000000e1300000, 0x00000000e1200000| Untracked 
|  19|0x00000000e1300000, 0x00000000e1400000, 0x00000000e1400000|100%| O|  |TAMS 0x00000000e1400000, 0x00000000e1300000| Untracked 
|  20|0x00000000e1400000, 0x00000000e1500000, 0x00000000e1500000|100%| O|  |TAMS 0x00000000e1500000, 0x00000000e1400000| Untracked 
|  21|0x00000000e1500000, 0x00000000e1600000, 0x00000000e1600000|100%| O|  |TAMS 0x00000000e1600000, 0x00000000e1500000| Untracked 
|  22|0x00000000e1600000, 0x00000000e1700000, 0x00000000e1700000|100%| O|  |TAMS 0x00000000e1700000, 0x00000000e1600000| Untracked 
|  23|0x00000000e1700000, 0x00000000e1800000, 0x00000000e1800000|100%| O|  |TAMS 0x00000000e1800000, 0x00000000e1700000| Untracked 
|  24|0x00000000e1800000, 0x00000000e1900000, 0x00000000e1900000|100%| O|  |TAMS 0x00000000e1900000, 0x00000000e1800000| Untracked 
|  25|0x00000000e1900000, 0x00000000e1a00000, 0x00000000e1a00000|100%| O|  |TAMS 0x00000000e1a00000, 0x00000000e1900000| Untracked 
|  26|0x00000000e1a00000, 0x00000000e1b00000, 0x00000000e1b00000|100%| O|  |TAMS 0x00000000e1b00000, 0x00000000e1a00000| Untracked 
|  27|0x00000000e1b00000, 0x00000000e1c00000, 0x00000000e1c00000|100%| O|  |TAMS 0x00000000e1c00000, 0x00000000e1b00000| Untracked 
|  28|0x00000000e1c00000, 0x00000000e1d00000, 0x00000000e1d00000|100%| O|  |TAMS 0x00000000e1d00000, 0x00000000e1c00000| Untracked 
|  29|0x00000000e1d00000, 0x00000000e1e00000, 0x00000000e1e00000|100%| O|  |TAMS 0x00000000e1e00000, 0x00000000e1d00000| Untracked 
|  30|0x00000000e1e00000, 0x00000000e1f00000, 0x00000000e1f00000|100%| O|  |TAMS 0x00000000e1f00000, 0x00000000e1e00000| Untracked 
|  31|0x00000000e1f00000, 0x00000000e2000000, 0x00000000e2000000|100%| O|  |TAMS 0x00000000e2000000, 0x00000000e1f00000| Untracked 
|  32|0x00000000e2000000, 0x00000000e2100000, 0x00000000e2100000|100%| O|  |TAMS 0x00000000e2100000, 0x00000000e2000000| Untracked 
|  33|0x00000000e2100000, 0x00000000e2200000, 0x00000000e2200000|100%| O|  |TAMS 0x00000000e2200000, 0x00000000e2100000| Untracked 
|  34|0x00000000e2200000, 0x00000000e2300000, 0x00000000e2300000|100%| O|  |TAMS 0x00000000e2300000, 0x00000000e2200000| Untracked 
|  35|0x00000000e2300000, 0x00000000e2400000, 0x00000000e2400000|100%| O|  |TAMS 0x00000000e2400000, 0x00000000e2300000| Untracked 
|  36|0x00000000e2400000, 0x00000000e2500000, 0x00000000e2500000|100%| O|  |TAMS 0x00000000e2500000, 0x00000000e2400000| Untracked 
|  37|0x00000000e2500000, 0x00000000e2600000, 0x00000000e2600000|100%| O|  |TAMS 0x00000000e2600000, 0x00000000e2500000| Untracked 
|  38|0x00000000e2600000, 0x00000000e2700000, 0x00000000e2700000|100%| O|  |TAMS 0x00000000e2700000, 0x00000000e2600000| Untracked 
|  39|0x00000000e2700000, 0x00000000e2800000, 0x00000000e2800000|100%| O|  |TAMS 0x00000000e2800000, 0x00000000e2700000| Untracked 
|  40|0x00000000e2800000, 0x00000000e2900000, 0x00000000e2900000|100%| O|  |TAMS 0x00000000e2900000, 0x00000000e2800000| Untracked 
|  41|0x00000000e2900000, 0x00000000e2a00000, 0x00000000e2a00000|100%| O|  |TAMS 0x00000000e2a00000, 0x00000000e2900000| Untracked 
|  42|0x00000000e2a00000, 0x00000000e2b00000, 0x00000000e2b00000|100%| O|  |TAMS 0x00000000e2b00000, 0x00000000e2a00000| Untracked 
|  43|0x00000000e2b00000, 0x00000000e2c00000, 0x00000000e2c00000|100%| O|  |TAMS 0x00000000e2c00000, 0x00000000e2b00000| Complete 
|  44|0x00000000e2c00000, 0x00000000e2d00000, 0x00000000e2d00000|100%| O|  |TAMS 0x00000000e2d00000, 0x00000000e2c00000| Untracked 
|  45|0x00000000e2d00000, 0x00000000e2e00000, 0x00000000e2e00000|100%| O|  |TAMS 0x00000000e2e00000, 0x00000000e2d00000| Untracked 
|  46|0x00000000e2e00000, 0x00000000e2f00000, 0x00000000e2f00000|100%| O|  |TAMS 0x00000000e2f00000, 0x00000000e2e00000| Untracked 
|  47|0x00000000e2f00000, 0x00000000e3000000, 0x00000000e3000000|100%| O|  |TAMS 0x00000000e3000000, 0x00000000e2f00000| Untracked 
|  48|0x00000000e3000000, 0x00000000e3100000, 0x00000000e3100000|100%| O|  |TAMS 0x00000000e3100000, 0x00000000e3000000| Untracked 
|  49|0x00000000e3100000, 0x00000000e3200000, 0x00000000e3200000|100%| O|  |TAMS 0x00000000e3200000, 0x00000000e3100000| Untracked 
|  50|0x00000000e3200000, 0x00000000e3300000, 0x00000000e3300000|100%| O|  |TAMS 0x00000000e32ffe00, 0x00000000e3200000| Untracked 
|  51|0x00000000e3300000, 0x00000000e3400000, 0x00000000e3400000|100%|HS|  |TAMS 0x00000000e3400000, 0x00000000e3300000| Complete 
|  52|0x00000000e3400000, 0x00000000e3500000, 0x00000000e3500000|100%| O|  |TAMS 0x00000000e3400000, 0x00000000e3400000| Untracked 
|  53|0x00000000e3500000, 0x00000000e3600000, 0x00000000e3600000|100%| O|  |TAMS 0x00000000e3500000, 0x00000000e3500000| Untracked 
|  54|0x00000000e3600000, 0x00000000e3700000, 0x00000000e3700000|100%| O|  |TAMS 0x00000000e3600000, 0x00000000e3600000| Untracked 
|  55|0x00000000e3700000, 0x00000000e3800000, 0x00000000e3800000|100%| O|  |TAMS 0x00000000e3700000, 0x00000000e3700000| Untracked 
|  56|0x00000000e3800000, 0x00000000e3900000, 0x00000000e3900000|100%| O|  |TAMS 0x00000000e3800000, 0x00000000e3800000| Untracked 
|  57|0x00000000e3900000, 0x00000000e39c4800, 0x00000000e3a00000| 76%| O|  |TAMS 0x00000000e3900000, 0x00000000e3900000| Untracked 
|  58|0x00000000e3a00000, 0x00000000e3a00000, 0x00000000e3b00000|  0%| F|  |TAMS 0x00000000e3a00000, 0x00000000e3a00000| Untracked 
|  59|0x00000000e3b00000, 0x00000000e3b00000, 0x00000000e3c00000|  0%| F|  |TAMS 0x00000000e3b00000, 0x00000000e3b00000| Untracked 
|  60|0x00000000e3c00000, 0x00000000e3c00000, 0x00000000e3d00000|  0%| F|  |TAMS 0x00000000e3c00000, 0x00000000e3c00000| Untracked 
|  61|0x00000000e3d00000, 0x00000000e3d00000, 0x00000000e3e00000|  0%| F|  |TAMS 0x00000000e3d00000, 0x00000000e3d00000| Untracked 
|  62|0x00000000e3e00000, 0x00000000e3e00000, 0x00000000e3f00000|  0%| F|  |TAMS 0x00000000e3e00000, 0x00000000e3e00000| Untracked 
|  63|0x00000000e3f00000, 0x00000000e3f00000, 0x00000000e4000000|  0%| F|  |TAMS 0x00000000e3f00000, 0x00000000e3f00000| Untracked 
|  64|0x00000000e4000000, 0x00000000e4000000, 0x00000000e4100000|  0%| F|  |TAMS 0x00000000e4000000, 0x00000000e4000000| Untracked 
|  65|0x00000000e4100000, 0x00000000e4100000, 0x00000000e4200000|  0%| F|  |TAMS 0x00000000e4100000, 0x00000000e4100000| Untracked 
|  66|0x00000000e4200000, 0x00000000e4200000, 0x00000000e4300000|  0%| F|  |TAMS 0x00000000e4200000, 0x00000000e4200000| Untracked 
|  67|0x00000000e4300000, 0x00000000e4300000, 0x00000000e4400000|  0%| F|  |TAMS 0x00000000e4300000, 0x00000000e4300000| Untracked 
|  68|0x00000000e4400000, 0x00000000e4400000, 0x00000000e4500000|  0%| F|  |TAMS 0x00000000e4400000, 0x00000000e4400000| Untracked 
|  69|0x00000000e4500000, 0x00000000e4500000, 0x00000000e4600000|  0%| F|  |TAMS 0x00000000e4500000, 0x00000000e4500000| Untracked 
|  70|0x00000000e4600000, 0x00000000e4600000, 0x00000000e4700000|  0%| F|  |TAMS 0x00000000e4600000, 0x00000000e4600000| Untracked 
|  71|0x00000000e4700000, 0x00000000e4700000, 0x00000000e4800000|  0%| F|  |TAMS 0x00000000e4700000, 0x00000000e4700000| Untracked 
|  72|0x00000000e4800000, 0x00000000e4800000, 0x00000000e4900000|  0%| F|  |TAMS 0x00000000e4800000, 0x00000000e4800000| Untracked 
|  73|0x00000000e4900000, 0x00000000e4900000, 0x00000000e4a00000|  0%| F|  |TAMS 0x00000000e4900000, 0x00000000e4900000| Untracked 
|  74|0x00000000e4a00000, 0x00000000e4a00000, 0x00000000e4b00000|  0%| F|  |TAMS 0x00000000e4a00000, 0x00000000e4a00000| Untracked 
|  75|0x00000000e4b00000, 0x00000000e4b00000, 0x00000000e4c00000|  0%| F|  |TAMS 0x00000000e4b00000, 0x00000000e4b00000| Untracked 
|  76|0x00000000e4c00000, 0x00000000e4c00000, 0x00000000e4d00000|  0%| F|  |TAMS 0x00000000e4c00000, 0x00000000e4c00000| Untracked 
|  77|0x00000000e4d00000, 0x00000000e4d00000, 0x00000000e4e00000|  0%| F|  |TAMS 0x00000000e4d00000, 0x00000000e4d00000| Untracked 
|  78|0x00000000e4e00000, 0x00000000e4e00000, 0x00000000e4f00000|  0%| F|  |TAMS 0x00000000e4e00000, 0x00000000e4e00000| Untracked 
|  79|0x00000000e4f00000, 0x00000000e4f00000, 0x00000000e5000000|  0%| F|  |TAMS 0x00000000e4f00000, 0x00000000e4f00000| Untracked 
|  80|0x00000000e5000000, 0x00000000e5000000, 0x00000000e5100000|  0%| F|  |TAMS 0x00000000e5000000, 0x00000000e5000000| Untracked 
|  81|0x00000000e5100000, 0x00000000e5100000, 0x00000000e5200000|  0%| F|  |TAMS 0x00000000e5100000, 0x00000000e5100000| Untracked 
|  82|0x00000000e5200000, 0x00000000e5200000, 0x00000000e5300000|  0%| F|  |TAMS 0x00000000e5200000, 0x00000000e5200000| Untracked 
|  83|0x00000000e5300000, 0x00000000e5300000, 0x00000000e5400000|  0%| F|  |TAMS 0x00000000e5300000, 0x00000000e5300000| Untracked 
|  84|0x00000000e5400000, 0x00000000e5400000, 0x00000000e5500000|  0%| F|  |TAMS 0x00000000e5400000, 0x00000000e5400000| Untracked 
|  85|0x00000000e5500000, 0x00000000e5500000, 0x00000000e5600000|  0%| F|  |TAMS 0x00000000e5500000, 0x00000000e5500000| Untracked 
|  86|0x00000000e5600000, 0x00000000e5600000, 0x00000000e5700000|  0%| F|  |TAMS 0x00000000e5600000, 0x00000000e5600000| Untracked 
|  87|0x00000000e5700000, 0x00000000e5700000, 0x00000000e5800000|  0%| F|  |TAMS 0x00000000e5700000, 0x00000000e5700000| Untracked 
|  88|0x00000000e5800000, 0x00000000e5800000, 0x00000000e5900000|  0%| F|  |TAMS 0x00000000e5800000, 0x00000000e5800000| Untracked 
|  89|0x00000000e5900000, 0x00000000e5900000, 0x00000000e5a00000|  0%| F|  |TAMS 0x00000000e5900000, 0x00000000e5900000| Untracked 
|  90|0x00000000e5a00000, 0x00000000e5a00000, 0x00000000e5b00000|  0%| F|  |TAMS 0x00000000e5a00000, 0x00000000e5a00000| Untracked 
|  91|0x00000000e5b00000, 0x00000000e5b00000, 0x00000000e5c00000|  0%| F|  |TAMS 0x00000000e5b00000, 0x00000000e5b00000| Untracked 
|  92|0x00000000e5c00000, 0x00000000e5c00000, 0x00000000e5d00000|  0%| F|  |TAMS 0x00000000e5c00000, 0x00000000e5c00000| Untracked 
|  93|0x00000000e5d00000, 0x00000000e5d00000, 0x00000000e5e00000|  0%| F|  |TAMS 0x00000000e5d00000, 0x00000000e5d00000| Untracked 
|  94|0x00000000e5e00000, 0x00000000e5e00000, 0x00000000e5f00000|  0%| F|  |TAMS 0x00000000e5e00000, 0x00000000e5e00000| Untracked 
|  95|0x00000000e5f00000, 0x00000000e5f00000, 0x00000000e6000000|  0%| F|  |TAMS 0x00000000e5f00000, 0x00000000e5f00000| Untracked 
|  96|0x00000000e6000000, 0x00000000e6000000, 0x00000000e6100000|  0%| F|  |TAMS 0x00000000e6000000, 0x00000000e6000000| Untracked 
|  97|0x00000000e6100000, 0x00000000e6100000, 0x00000000e6200000|  0%| F|  |TAMS 0x00000000e6100000, 0x00000000e6100000| Untracked 
|  98|0x00000000e6200000, 0x00000000e6200000, 0x00000000e6300000|  0%| F|  |TAMS 0x00000000e6200000, 0x00000000e6200000| Untracked 
|  99|0x00000000e6300000, 0x00000000e6300000, 0x00000000e6400000|  0%| F|  |TAMS 0x00000000e6300000, 0x00000000e6300000| Untracked 
| 100|0x00000000e6400000, 0x00000000e6400000, 0x00000000e6500000|  0%| F|  |TAMS 0x00000000e6400000, 0x00000000e6400000| Untracked 
| 101|0x00000000e6500000, 0x00000000e6500000, 0x00000000e6600000|  0%| F|  |TAMS 0x00000000e6500000, 0x00000000e6500000| Untracked 
| 102|0x00000000e6600000, 0x00000000e6600000, 0x00000000e6700000|  0%| F|  |TAMS 0x00000000e6600000, 0x00000000e6600000| Untracked 
| 103|0x00000000e6700000, 0x00000000e6700000, 0x00000000e6800000|  0%| F|  |TAMS 0x00000000e6700000, 0x00000000e6700000| Untracked 
| 104|0x00000000e6800000, 0x00000000e6800000, 0x00000000e6900000|  0%| F|  |TAMS 0x00000000e6800000, 0x00000000e6800000| Untracked 
| 105|0x00000000e6900000, 0x00000000e6900000, 0x00000000e6a00000|  0%| F|  |TAMS 0x00000000e6900000, 0x00000000e6900000| Untracked 
| 106|0x00000000e6a00000, 0x00000000e6a00000, 0x00000000e6b00000|  0%| F|  |TAMS 0x00000000e6a00000, 0x00000000e6a00000| Untracked 
| 107|0x00000000e6b00000, 0x00000000e6b00000, 0x00000000e6c00000|  0%| F|  |TAMS 0x00000000e6b00000, 0x00000000e6b00000| Untracked 
| 108|0x00000000e6c00000, 0x00000000e6c00000, 0x00000000e6d00000|  0%| F|  |TAMS 0x00000000e6c00000, 0x00000000e6c00000| Untracked 
| 109|0x00000000e6d00000, 0x00000000e6d00000, 0x00000000e6e00000|  0%| F|  |TAMS 0x00000000e6d00000, 0x00000000e6d00000| Untracked 
| 110|0x00000000e6e00000, 0x00000000e6e00000, 0x00000000e6f00000|  0%| F|  |TAMS 0x00000000e6e00000, 0x00000000e6e00000| Untracked 
| 111|0x00000000e6f00000, 0x00000000e6f00000, 0x00000000e7000000|  0%| F|  |TAMS 0x00000000e6f00000, 0x00000000e6f00000| Untracked 
| 112|0x00000000e7000000, 0x00000000e7000000, 0x00000000e7100000|  0%| F|  |TAMS 0x00000000e7000000, 0x00000000e7000000| Untracked 
| 113|0x00000000e7100000, 0x00000000e7100000, 0x00000000e7200000|  0%| F|  |TAMS 0x00000000e7100000, 0x00000000e7100000| Untracked 
| 114|0x00000000e7200000, 0x00000000e7200000, 0x00000000e7300000|  0%| F|  |TAMS 0x00000000e7200000, 0x00000000e7200000| Untracked 
| 115|0x00000000e7300000, 0x00000000e7300000, 0x00000000e7400000|  0%| F|  |TAMS 0x00000000e7300000, 0x00000000e7300000| Untracked 
| 116|0x00000000e7400000, 0x00000000e7400000, 0x00000000e7500000|  0%| F|  |TAMS 0x00000000e7400000, 0x00000000e7400000| Untracked 
| 117|0x00000000e7500000, 0x00000000e7500000, 0x00000000e7600000|  0%| F|  |TAMS 0x00000000e7500000, 0x00000000e7500000| Untracked 
| 118|0x00000000e7600000, 0x00000000e7600000, 0x00000000e7700000|  0%| F|  |TAMS 0x00000000e7600000, 0x00000000e7600000| Untracked 
| 119|0x00000000e7700000, 0x00000000e7700000, 0x00000000e7800000|  0%| F|  |TAMS 0x00000000e7700000, 0x00000000e7700000| Untracked 
| 120|0x00000000e7800000, 0x00000000e7800000, 0x00000000e7900000|  0%| F|  |TAMS 0x00000000e7800000, 0x00000000e7800000| Untracked 
| 121|0x00000000e7900000, 0x00000000e7900000, 0x00000000e7a00000|  0%| F|  |TAMS 0x00000000e7900000, 0x00000000e7900000| Untracked 
| 122|0x00000000e7a00000, 0x00000000e7a00000, 0x00000000e7b00000|  0%| F|  |TAMS 0x00000000e7a00000, 0x00000000e7a00000| Untracked 
| 123|0x00000000e7b00000, 0x00000000e7b00000, 0x00000000e7c00000|  0%| F|  |TAMS 0x00000000e7b00000, 0x00000000e7b00000| Untracked 
| 124|0x00000000e7c00000, 0x00000000e7c00000, 0x00000000e7d00000|  0%| F|  |TAMS 0x00000000e7c00000, 0x00000000e7c00000| Untracked 
| 125|0x00000000e7d00000, 0x00000000e7d00000, 0x00000000e7e00000|  0%| F|  |TAMS 0x00000000e7d00000, 0x00000000e7d00000| Untracked 
| 126|0x00000000e7e00000, 0x00000000e7e00000, 0x00000000e7f00000|  0%| F|  |TAMS 0x00000000e7e00000, 0x00000000e7e00000| Untracked 
| 127|0x00000000e7f00000, 0x00000000e7f00000, 0x00000000e8000000|  0%| F|  |TAMS 0x00000000e7f00000, 0x00000000e7f00000| Untracked 
| 128|0x00000000e8000000, 0x00000000e8000000, 0x00000000e8100000|  0%| F|  |TAMS 0x00000000e8000000, 0x00000000e8000000| Untracked 
| 129|0x00000000e8100000, 0x00000000e8100000, 0x00000000e8200000|  0%| F|  |TAMS 0x00000000e8100000, 0x00000000e8100000| Untracked 
| 130|0x00000000e8200000, 0x00000000e8200000, 0x00000000e8300000|  0%| F|  |TAMS 0x00000000e8200000, 0x00000000e8200000| Untracked 
| 131|0x00000000e8300000, 0x00000000e8300000, 0x00000000e8400000|  0%| F|  |TAMS 0x00000000e8300000, 0x00000000e8300000| Untracked 
| 132|0x00000000e8400000, 0x00000000e8400000, 0x00000000e8500000|  0%| F|  |TAMS 0x00000000e8400000, 0x00000000e8400000| Untracked 
| 133|0x00000000e8500000, 0x00000000e8500000, 0x00000000e8600000|  0%| F|  |TAMS 0x00000000e8500000, 0x00000000e8500000| Untracked 
| 134|0x00000000e8600000, 0x00000000e8600000, 0x00000000e8700000|  0%| F|  |TAMS 0x00000000e8600000, 0x00000000e8600000| Untracked 
| 135|0x00000000e8700000, 0x00000000e8700000, 0x00000000e8800000|  0%| F|  |TAMS 0x00000000e8700000, 0x00000000e8700000| Untracked 
| 136|0x00000000e8800000, 0x00000000e8800000, 0x00000000e8900000|  0%| F|  |TAMS 0x00000000e8800000, 0x00000000e8800000| Untracked 
| 137|0x00000000e8900000, 0x00000000e8900000, 0x00000000e8a00000|  0%| F|  |TAMS 0x00000000e8900000, 0x00000000e8900000| Untracked 
| 138|0x00000000e8a00000, 0x00000000e8a00000, 0x00000000e8b00000|  0%| F|  |TAMS 0x00000000e8a00000, 0x00000000e8a00000| Untracked 
| 139|0x00000000e8b00000, 0x00000000e8b00000, 0x00000000e8c00000|  0%| F|  |TAMS 0x00000000e8b00000, 0x00000000e8b00000| Untracked 
| 140|0x00000000e8c00000, 0x00000000e8c00000, 0x00000000e8d00000|  0%| F|  |TAMS 0x00000000e8c00000, 0x00000000e8c00000| Untracked 
| 141|0x00000000e8d00000, 0x00000000e8d00000, 0x00000000e8e00000|  0%| F|  |TAMS 0x00000000e8d00000, 0x00000000e8d00000| Untracked 
| 142|0x00000000e8e00000, 0x00000000e8e00000, 0x00000000e8f00000|  0%| F|  |TAMS 0x00000000e8e00000, 0x00000000e8e00000| Untracked 
| 143|0x00000000e8f00000, 0x00000000e8f00000, 0x00000000e9000000|  0%| F|  |TAMS 0x00000000e8f00000, 0x00000000e8f00000| Untracked 
| 144|0x00000000e9000000, 0x00000000e9000000, 0x00000000e9100000|  0%| F|  |TAMS 0x00000000e9000000, 0x00000000e9000000| Untracked 
| 145|0x00000000e9100000, 0x00000000e9100000, 0x00000000e9200000|  0%| F|  |TAMS 0x00000000e9100000, 0x00000000e9100000| Untracked 
| 146|0x00000000e9200000, 0x00000000e9200000, 0x00000000e9300000|  0%| F|  |TAMS 0x00000000e9200000, 0x00000000e9200000| Untracked 
| 147|0x00000000e9300000, 0x00000000e9300000, 0x00000000e9400000|  0%| F|  |TAMS 0x00000000e9300000, 0x00000000e9300000| Untracked 
| 148|0x00000000e9400000, 0x00000000e9400000, 0x00000000e9500000|  0%| F|  |TAMS 0x00000000e9400000, 0x00000000e9400000| Untracked 
| 149|0x00000000e9500000, 0x00000000e9500000, 0x00000000e9600000|  0%| F|  |TAMS 0x00000000e9500000, 0x00000000e9500000| Untracked 
| 150|0x00000000e9600000, 0x00000000e9600000, 0x00000000e9700000|  0%| F|  |TAMS 0x00000000e9600000, 0x00000000e9600000| Untracked 
| 151|0x00000000e9700000, 0x00000000e9700000, 0x00000000e9800000|  0%| F|  |TAMS 0x00000000e9700000, 0x00000000e9700000| Untracked 
| 152|0x00000000e9800000, 0x00000000e9800000, 0x00000000e9900000|  0%| F|  |TAMS 0x00000000e9800000, 0x00000000e9800000| Untracked 
| 153|0x00000000e9900000, 0x00000000e9900000, 0x00000000e9a00000|  0%| F|  |TAMS 0x00000000e9900000, 0x00000000e9900000| Untracked 
| 154|0x00000000e9a00000, 0x00000000e9a00000, 0x00000000e9b00000|  0%| F|  |TAMS 0x00000000e9a00000, 0x00000000e9a00000| Untracked 
| 155|0x00000000e9b00000, 0x00000000e9b00000, 0x00000000e9c00000|  0%| F|  |TAMS 0x00000000e9b00000, 0x00000000e9b00000| Untracked 
| 156|0x00000000e9c00000, 0x00000000e9c00000, 0x00000000e9d00000|  0%| F|  |TAMS 0x00000000e9c00000, 0x00000000e9c00000| Untracked 
| 157|0x00000000e9d00000, 0x00000000e9d00000, 0x00000000e9e00000|  0%| F|  |TAMS 0x00000000e9d00000, 0x00000000e9d00000| Untracked 
| 158|0x00000000e9e00000, 0x00000000e9e00000, 0x00000000e9f00000|  0%| F|  |TAMS 0x00000000e9e00000, 0x00000000e9e00000| Untracked 
| 159|0x00000000e9f00000, 0x00000000e9f00000, 0x00000000ea000000|  0%| F|  |TAMS 0x00000000e9f00000, 0x00000000e9f00000| Untracked 
| 160|0x00000000ea000000, 0x00000000ea000000, 0x00000000ea100000|  0%| F|  |TAMS 0x00000000ea000000, 0x00000000ea000000| Untracked 
| 161|0x00000000ea100000, 0x00000000ea100000, 0x00000000ea200000|  0%| F|  |TAMS 0x00000000ea100000, 0x00000000ea100000| Untracked 
| 162|0x00000000ea200000, 0x00000000ea200000, 0x00000000ea300000|  0%| F|  |TAMS 0x00000000ea200000, 0x00000000ea200000| Untracked 
| 163|0x00000000ea300000, 0x00000000ea300000, 0x00000000ea400000|  0%| F|  |TAMS 0x00000000ea300000, 0x00000000ea300000| Untracked 
| 164|0x00000000ea400000, 0x00000000ea400000, 0x00000000ea500000|  0%| F|  |TAMS 0x00000000ea400000, 0x00000000ea400000| Untracked 
| 165|0x00000000ea500000, 0x00000000ea500000, 0x00000000ea600000|  0%| F|  |TAMS 0x00000000ea500000, 0x00000000ea500000| Untracked 
| 166|0x00000000ea600000, 0x00000000ea600000, 0x00000000ea700000|  0%| F|  |TAMS 0x00000000ea600000, 0x00000000ea600000| Untracked 
| 167|0x00000000ea700000, 0x00000000ea700000, 0x00000000ea800000|  0%| F|  |TAMS 0x00000000ea700000, 0x00000000ea700000| Untracked 
| 168|0x00000000ea800000, 0x00000000ea800000, 0x00000000ea900000|  0%| F|  |TAMS 0x00000000ea800000, 0x00000000ea800000| Untracked 
| 169|0x00000000ea900000, 0x00000000ea900000, 0x00000000eaa00000|  0%| F|  |TAMS 0x00000000ea900000, 0x00000000ea900000| Untracked 
| 170|0x00000000eaa00000, 0x00000000eaa00000, 0x00000000eab00000|  0%| F|  |TAMS 0x00000000eaa00000, 0x00000000eaa00000| Untracked 
| 171|0x00000000eab00000, 0x00000000eab00000, 0x00000000eac00000|  0%| F|  |TAMS 0x00000000eab00000, 0x00000000eab00000| Untracked 
| 172|0x00000000eac00000, 0x00000000eac00000, 0x00000000ead00000|  0%| F|  |TAMS 0x00000000eac00000, 0x00000000eac00000| Untracked 
| 173|0x00000000ead00000, 0x00000000ead00000, 0x00000000eae00000|  0%| F|  |TAMS 0x00000000ead00000, 0x00000000ead00000| Untracked 
| 174|0x00000000eae00000, 0x00000000eae00000, 0x00000000eaf00000|  0%| F|  |TAMS 0x00000000eae00000, 0x00000000eae00000| Untracked 
| 175|0x00000000eaf00000, 0x00000000eaf00000, 0x00000000eb000000|  0%| F|  |TAMS 0x00000000eaf00000, 0x00000000eaf00000| Untracked 
| 176|0x00000000eb000000, 0x00000000eb000000, 0x00000000eb100000|  0%| F|  |TAMS 0x00000000eb000000, 0x00000000eb000000| Untracked 
| 177|0x00000000eb100000, 0x00000000eb100000, 0x00000000eb200000|  0%| F|  |TAMS 0x00000000eb100000, 0x00000000eb100000| Untracked 
| 178|0x00000000eb200000, 0x00000000eb200000, 0x00000000eb300000|  0%| F|  |TAMS 0x00000000eb200000, 0x00000000eb200000| Untracked 
| 179|0x00000000eb300000, 0x00000000eb300000, 0x00000000eb400000|  0%| F|  |TAMS 0x00000000eb300000, 0x00000000eb300000| Untracked 
| 180|0x00000000eb400000, 0x00000000eb400000, 0x00000000eb500000|  0%| F|  |TAMS 0x00000000eb400000, 0x00000000eb400000| Untracked 
| 181|0x00000000eb500000, 0x00000000eb580800, 0x00000000eb600000| 50%| E|  |TAMS 0x00000000eb500000, 0x00000000eb500000| Complete 
| 182|0x00000000eb600000, 0x00000000eb700000, 0x00000000eb700000|100%| E|CS|TAMS 0x00000000eb600000, 0x00000000eb600000| Complete 
| 183|0x00000000eb700000, 0x00000000eb800000, 0x00000000eb800000|100%| E|CS|TAMS 0x00000000eb700000, 0x00000000eb700000| Complete 
| 184|0x00000000eb800000, 0x00000000eb900000, 0x00000000eb900000|100%| E|CS|TAMS 0x00000000eb800000, 0x00000000eb800000| Complete 
| 185|0x00000000eb900000, 0x00000000eba00000, 0x00000000eba00000|100%| E|CS|TAMS 0x00000000eb900000, 0x00000000eb900000| Complete 
| 186|0x00000000eba00000, 0x00000000ebb00000, 0x00000000ebb00000|100%| E|CS|TAMS 0x00000000eba00000, 0x00000000eba00000| Complete 
| 187|0x00000000ebb00000, 0x00000000ebc00000, 0x00000000ebc00000|100%| E|CS|TAMS 0x00000000ebb00000, 0x00000000ebb00000| Complete 
| 188|0x00000000ebc00000, 0x00000000ebd00000, 0x00000000ebd00000|100%| E|CS|TAMS 0x00000000ebc00000, 0x00000000ebc00000| Complete 
| 189|0x00000000ebd00000, 0x00000000ebe00000, 0x00000000ebe00000|100%| E|CS|TAMS 0x00000000ebd00000, 0x00000000ebd00000| Complete 
| 190|0x00000000ebe00000, 0x00000000ebf00000, 0x00000000ebf00000|100%| E|CS|TAMS 0x00000000ebe00000, 0x00000000ebe00000| Complete 
| 191|0x00000000ebf00000, 0x00000000ec000000, 0x00000000ec000000|100%| E|CS|TAMS 0x00000000ebf00000, 0x00000000ebf00000| Complete 
| 192|0x00000000ec000000, 0x00000000ec100000, 0x00000000ec100000|100%| E|CS|TAMS 0x00000000ec000000, 0x00000000ec000000| Complete 
| 193|0x00000000ec100000, 0x00000000ec200000, 0x00000000ec200000|100%| E|CS|TAMS 0x00000000ec100000, 0x00000000ec100000| Complete 
| 194|0x00000000ec200000, 0x00000000ec300000, 0x00000000ec300000|100%| E|CS|TAMS 0x00000000ec200000, 0x00000000ec200000| Complete 
| 195|0x00000000ec300000, 0x00000000ec400000, 0x00000000ec400000|100%| E|CS|TAMS 0x00000000ec300000, 0x00000000ec300000| Complete 
| 196|0x00000000ec400000, 0x00000000ec500000, 0x00000000ec500000|100%| E|CS|TAMS 0x00000000ec400000, 0x00000000ec400000| Complete 
| 197|0x00000000ec500000, 0x00000000ec600000, 0x00000000ec600000|100%| E|CS|TAMS 0x00000000ec500000, 0x00000000ec500000| Complete 
| 198|0x00000000ec600000, 0x00000000ec700000, 0x00000000ec700000|100%| E|CS|TAMS 0x00000000ec600000, 0x00000000ec600000| Complete 
| 199|0x00000000ec700000, 0x00000000ec800000, 0x00000000ec800000|100%| E|CS|TAMS 0x00000000ec700000, 0x00000000ec700000| Complete 
| 200|0x00000000ec800000, 0x00000000ec900000, 0x00000000ec900000|100%| E|CS|TAMS 0x00000000ec800000, 0x00000000ec800000| Complete 
| 201|0x00000000ec900000, 0x00000000eca00000, 0x00000000eca00000|100%| E|CS|TAMS 0x00000000ec900000, 0x00000000ec900000| Complete 
| 202|0x00000000eca00000, 0x00000000ecb00000, 0x00000000ecb00000|100%| E|CS|TAMS 0x00000000eca00000, 0x00000000eca00000| Complete 
| 203|0x00000000ecb00000, 0x00000000ecc00000, 0x00000000ecc00000|100%| E|CS|TAMS 0x00000000ecb00000, 0x00000000ecb00000| Complete 
| 204|0x00000000ecc00000, 0x00000000ecd00000, 0x00000000ecd00000|100%| E|CS|TAMS 0x00000000ecc00000, 0x00000000ecc00000| Complete 
| 205|0x00000000ecd00000, 0x00000000ece00000, 0x00000000ece00000|100%| E|CS|TAMS 0x00000000ecd00000, 0x00000000ecd00000| Complete 
| 206|0x00000000ece00000, 0x00000000ecf00000, 0x00000000ecf00000|100%| E|CS|TAMS 0x00000000ece00000, 0x00000000ece00000| Complete 
| 207|0x00000000ecf00000, 0x00000000ed000000, 0x00000000ed000000|100%| E|CS|TAMS 0x00000000ecf00000, 0x00000000ecf00000| Complete 
| 208|0x00000000ed000000, 0x00000000ed100000, 0x00000000ed100000|100%| E|CS|TAMS 0x00000000ed000000, 0x00000000ed000000| Complete 
| 209|0x00000000ed100000, 0x00000000ed200000, 0x00000000ed200000|100%| E|CS|TAMS 0x00000000ed100000, 0x00000000ed100000| Complete 
| 210|0x00000000ed200000, 0x00000000ed300000, 0x00000000ed300000|100%| E|CS|TAMS 0x00000000ed200000, 0x00000000ed200000| Complete 
| 211|0x00000000ed300000, 0x00000000ed400000, 0x00000000ed400000|100%| E|CS|TAMS 0x00000000ed300000, 0x00000000ed300000| Complete 
| 212|0x00000000ed400000, 0x00000000ed500000, 0x00000000ed500000|100%| E|CS|TAMS 0x00000000ed400000, 0x00000000ed400000| Complete 
| 213|0x00000000ed500000, 0x00000000ed600000, 0x00000000ed600000|100%| E|CS|TAMS 0x00000000ed500000, 0x00000000ed500000| Complete 
| 214|0x00000000ed600000, 0x00000000ed700000, 0x00000000ed700000|100%| E|CS|TAMS 0x00000000ed600000, 0x00000000ed600000| Complete 
| 215|0x00000000ed700000, 0x00000000ed800000, 0x00000000ed800000|100%| E|CS|TAMS 0x00000000ed700000, 0x00000000ed700000| Complete 
| 216|0x00000000ed800000, 0x00000000ed900000, 0x00000000ed900000|100%| E|CS|TAMS 0x00000000ed800000, 0x00000000ed800000| Complete 
| 217|0x00000000ed900000, 0x00000000eda00000, 0x00000000eda00000|100%| E|CS|TAMS 0x00000000ed900000, 0x00000000ed900000| Complete 
| 218|0x00000000eda00000, 0x00000000edb00000, 0x00000000edb00000|100%| E|CS|TAMS 0x00000000eda00000, 0x00000000eda00000| Complete 
| 219|0x00000000edb00000, 0x00000000edc00000, 0x00000000edc00000|100%| E|CS|TAMS 0x00000000edb00000, 0x00000000edb00000| Complete 
| 220|0x00000000edc00000, 0x00000000edd00000, 0x00000000edd00000|100%| E|CS|TAMS 0x00000000edc00000, 0x00000000edc00000| Complete 
| 221|0x00000000edd00000, 0x00000000ede00000, 0x00000000ede00000|100%| E|CS|TAMS 0x00000000edd00000, 0x00000000edd00000| Complete 
| 222|0x00000000ede00000, 0x00000000edf00000, 0x00000000edf00000|100%| E|CS|TAMS 0x00000000ede00000, 0x00000000ede00000| Complete 
| 223|0x00000000edf00000, 0x00000000ee000000, 0x00000000ee000000|100%| E|CS|TAMS 0x00000000edf00000, 0x00000000edf00000| Complete 
| 224|0x00000000ee000000, 0x00000000ee100000, 0x00000000ee100000|100%| E|CS|TAMS 0x00000000ee000000, 0x00000000ee000000| Complete 
| 225|0x00000000ee100000, 0x00000000ee200000, 0x00000000ee200000|100%| E|CS|TAMS 0x00000000ee100000, 0x00000000ee100000| Complete 
| 226|0x00000000ee200000, 0x00000000ee300000, 0x00000000ee300000|100%| E|CS|TAMS 0x00000000ee200000, 0x00000000ee200000| Complete 
| 227|0x00000000ee300000, 0x00000000ee400000, 0x00000000ee400000|100%| E|CS|TAMS 0x00000000ee300000, 0x00000000ee300000| Complete 
| 228|0x00000000ee400000, 0x00000000ee500000, 0x00000000ee500000|100%| E|CS|TAMS 0x00000000ee400000, 0x00000000ee400000| Complete 
| 229|0x00000000ee500000, 0x00000000ee600000, 0x00000000ee600000|100%| E|CS|TAMS 0x00000000ee500000, 0x00000000ee500000| Complete 
| 230|0x00000000ee600000, 0x00000000ee700000, 0x00000000ee700000|100%| E|CS|TAMS 0x00000000ee600000, 0x00000000ee600000| Complete 
| 231|0x00000000ee700000, 0x00000000ee800000, 0x00000000ee800000|100%| E|CS|TAMS 0x00000000ee700000, 0x00000000ee700000| Complete 
| 232|0x00000000ee800000, 0x00000000ee900000, 0x00000000ee900000|100%| E|CS|TAMS 0x00000000ee800000, 0x00000000ee800000| Complete 
| 233|0x00000000ee900000, 0x00000000eea00000, 0x00000000eea00000|100%| E|CS|TAMS 0x00000000ee900000, 0x00000000ee900000| Complete 
| 234|0x00000000eea00000, 0x00000000eeb00000, 0x00000000eeb00000|100%| E|CS|TAMS 0x00000000eea00000, 0x00000000eea00000| Complete 
| 235|0x00000000eeb00000, 0x00000000eec00000, 0x00000000eec00000|100%| E|CS|TAMS 0x00000000eeb00000, 0x00000000eeb00000| Complete 
| 236|0x00000000eec00000, 0x00000000eed00000, 0x00000000eed00000|100%| E|CS|TAMS 0x00000000eec00000, 0x00000000eec00000| Complete 
| 237|0x00000000eed00000, 0x00000000eee00000, 0x00000000eee00000|100%| S|CS|TAMS 0x00000000eed00000, 0x00000000eed00000| Complete 
| 238|0x00000000eee00000, 0x00000000eef00000, 0x00000000eef00000|100%| S|CS|TAMS 0x00000000eee00000, 0x00000000eee00000| Complete 
| 239|0x00000000eef00000, 0x00000000ef000000, 0x00000000ef000000|100%| S|CS|TAMS 0x00000000eef00000, 0x00000000eef00000| Complete 
| 240|0x00000000ef000000, 0x00000000ef100000, 0x00000000ef100000|100%| E|CS|TAMS 0x00000000ef000000, 0x00000000ef000000| Complete 
| 241|0x00000000ef100000, 0x00000000ef200000, 0x00000000ef200000|100%| E|CS|TAMS 0x00000000ef100000, 0x00000000ef100000| Complete 
| 242|0x00000000ef200000, 0x00000000ef300000, 0x00000000ef300000|100%| E|CS|TAMS 0x00000000ef200000, 0x00000000ef200000| Complete 
| 243|0x00000000ef300000, 0x00000000ef400000, 0x00000000ef400000|100%| E|CS|TAMS 0x00000000ef300000, 0x00000000ef300000| Complete 
| 244|0x00000000ef400000, 0x00000000ef500000, 0x00000000ef500000|100%| E|CS|TAMS 0x00000000ef400000, 0x00000000ef400000| Complete 
| 245|0x00000000ef500000, 0x00000000ef600000, 0x00000000ef600000|100%| E|CS|TAMS 0x00000000ef500000, 0x00000000ef500000| Complete 
| 246|0x00000000ef600000, 0x00000000ef700000, 0x00000000ef700000|100%| E|CS|TAMS 0x00000000ef600000, 0x00000000ef600000| Complete 
| 247|0x00000000ef700000, 0x00000000ef800000, 0x00000000ef800000|100%| E|CS|TAMS 0x00000000ef700000, 0x00000000ef700000| Complete 
| 248|0x00000000ef800000, 0x00000000ef900000, 0x00000000ef900000|100%| E|CS|TAMS 0x00000000ef800000, 0x00000000ef800000| Complete 
| 249|0x00000000ef900000, 0x00000000efa00000, 0x00000000efa00000|100%| E|CS|TAMS 0x00000000ef900000, 0x00000000ef900000| Complete 
| 250|0x00000000efa00000, 0x00000000efb00000, 0x00000000efb00000|100%| E|CS|TAMS 0x00000000efa00000, 0x00000000efa00000| Complete 
| 251|0x00000000efb00000, 0x00000000efc00000, 0x00000000efc00000|100%| E|CS|TAMS 0x00000000efb00000, 0x00000000efb00000| Complete 
| 252|0x00000000efc00000, 0x00000000efd00000, 0x00000000efd00000|100%| E|CS|TAMS 0x00000000efc00000, 0x00000000efc00000| Complete 
| 253|0x00000000efd00000, 0x00000000efe00000, 0x00000000efe00000|100%| E|CS|TAMS 0x00000000efd00000, 0x00000000efd00000| Complete 
| 254|0x00000000efe00000, 0x00000000eff00000, 0x00000000eff00000|100%| E|CS|TAMS 0x00000000efe00000, 0x00000000efe00000| Complete 
| 255|0x00000000eff00000, 0x00000000f0000000, 0x00000000f0000000|100%| E|CS|TAMS 0x00000000eff00000, 0x00000000eff00000| Complete 

Card table byte_map: [0x00000251f1840000,0x00000251f1940000] _byte_map_base: 0x00000251f1140000

Marking Bits (Prev, Next): (CMBitMap*) 0x00000251e9d7d220, (CMBitMap*) 0x00000251e9d7d260
 Prev Bits: [0x00000251f1a40000, 0x00000251f2240000)
 Next Bits: [0x00000251f2240000, 0x00000251f2a40000)

Polling page: 0x00000251e7cf0000

Metaspace:

Usage:
  Non-class:     55.05 MB used.
      Class:      8.70 MB used.
       Both:     63.75 MB used.

Virtual space:
  Non-class space:       64.00 MB reserved,      55.38 MB ( 87%) committed,  1 nodes.
      Class space:      320.00 MB reserved,       8.94 MB (  3%) committed,  1 nodes.
             Both:      384.00 MB reserved,      64.31 MB ( 17%) committed. 

Chunk freelists:
   Non-Class:  8.64 MB
       Class:  7.06 MB
        Both:  15.70 MB

MaxMetaspaceSize: 384.00 MB
CompressedClassSpaceSize: 320.00 MB
Initial GC threshold: 21.00 MB
Current GC threshold: 105.88 MB
CDS: on
MetaspaceReclaimPolicy: balanced
 - commit_granule_bytes: 65536.
 - commit_granule_words: 8192.
 - virtual_space_node_default_size: 8388608.
 - enlarge_chunks_in_place: 1.
 - new_chunks_are_fully_committed: 0.
 - uncommit_free_chunks: 1.
 - use_allocation_guard: 0.
 - handle_deallocations: 1.


Internal statistics:

num_allocs_failed_limit: 33.
num_arena_births: 726.
num_arena_deaths: 0.
num_vsnodes_births: 2.
num_vsnodes_deaths: 0.
num_space_committed: 1029.
num_space_uncommitted: 0.
num_chunks_returned_to_freelist: 33.
num_chunks_taken_from_freelist: 3440.
num_chunk_merges: 30.
num_chunk_splits: 2266.
num_chunks_enlarged: 1525.
num_inconsistent_stats: 0.

CodeHeap 'non-profiled nmethods': size=120000Kb used=6197Kb max_used=6197Kb free=113802Kb
 bounds [0x0000025187ad0000, 0x00000251880e0000, 0x000002518f000000]
CodeHeap 'profiled nmethods': size=120000Kb used=20637Kb max_used=20637Kb free=99362Kb
 bounds [0x0000025180000000, 0x0000025181430000, 0x0000025187530000]
CodeHeap 'non-nmethods': size=5760Kb used=2341Kb max_used=2386Kb free=3418Kb
 bounds [0x0000025187530000, 0x00000251877a0000, 0x0000025187ad0000]
 total_blobs=11067 nmethods=10201 adapters=778
 compilation: enabled
              stopped_count=0, restarted_count=0
 full_count=0

Compilation events (20 events):
Event: 80.002 Thread 0x00000251f5073340 nmethod 11683 0x0000025180c0d310 code [0x0000025180c0d4c0, 0x0000025180c0d628]
Event: 80.006 Thread 0x00000251f5073340 11684       1       com.sun.tools.javac.code.Symbol$ClassSymbol::getQualifiedName (5 bytes)
Event: 80.006 Thread 0x00000251f5073340 nmethod 11684 0x00000251880db310 code [0x00000251880db4a0, 0x00000251880db578]
Event: 80.006 Thread 0x00000251f5073340 11685       3       com.sun.tools.javac.jvm.ClassReader$ParameterAnnotations::<init> (5 bytes)
Event: 80.007 Thread 0x00000251f5073340 nmethod 11685 0x0000025180c0cf90 code [0x0000025180c0d120, 0x0000025180c0d278]
Event: 80.007 Thread 0x00000251f5073340 11686       3       com.sun.tools.javac.jvm.ClassReader$ParameterAnnotations::add (28 bytes)
Event: 80.007 Thread 0x00000251f5073340 nmethod 11686 0x0000025180c0ca10 code [0x0000025180c0cbc0, 0x0000025180c0cec8]
Event: 80.008 Thread 0x00000251f5073340 11687       3       com.sun.tools.javac.code.Scope$FilterImportScope$SymbolImporter::<init> (33 bytes)
Event: 80.008 Thread 0x00000251f5073340 nmethod 11687 0x0000025180c0bf10 code [0x0000025180c0c100, 0x0000025180c0c7b8]
Event: 80.008 Thread 0x00000251f5073340 11688       3       com.sun.tools.javac.code.Scope$FilterImportScope$SymbolImporter::importFrom (111 bytes)
Event: 80.009 Thread 0x00000251f5073340 nmethod 11688 0x0000025180c0a010 code [0x0000025180c0a300, 0x0000025180c0b878]
Event: 80.009 Thread 0x00000251f5073340 11689       3       com.sun.tools.javac.comp.Annotate::annotationsBlocked (13 bytes)
Event: 80.009 Thread 0x00000251f5073340 nmethod 11689 0x0000025180c09c90 code [0x0000025180c09e20, 0x0000025180c09f98]
Event: 80.012 Thread 0x00000251f5073340 11690   !   3       com.sun.tools.javac.comp.Annotate::flush (147 bytes)
Event: 80.013 Thread 0x00000251f5073340 nmethod 11690 0x00000251809f8910 code [0x00000251809f8c00, 0x00000251809f9f18]
Event: 80.016 Thread 0x00000251f5073340 11691       3       com.sun.tools.javac.jvm.ClassReader::adjustClassFlags (28 bytes)
Event: 80.017 Thread 0x00000251f5073340 nmethod 11691 0x0000025180c09910 code [0x0000025180c09aa0, 0x0000025180c09c18]
Event: 80.022 Thread 0x00000251f5073340 11692       3       jdk.internal.jimage.ImageReader$Directory::create (21 bytes)
Event: 80.023 Thread 0x00000251f5073340 nmethod 11692 0x00000251809f7790 code [0x00000251809f79e0, 0x00000251809f8528]
Event: 80.027 Thread 0x00000251f5073340 11693       3       com.sun.tools.javac.tree.TreeInfo::isEnumInit (55 bytes)

GC Heap History (20 events):
Event: 3.782 GC heap before
{Heap before GC invocations=1 (full 0):
 garbage-first heap   total 262144K, used 21951K [0x00000000e0000000, 0x0000000100000000)
  region size 1024K, 19 young (19456K), 2 survivors (2048K)
 Metaspace       used 2731K, committed 2944K, reserved 393216K
  class space    used 309K, committed 384K, reserved 327680K
}
Event: 3.786 GC heap after
{Heap after GC invocations=2 (full 0):
 garbage-first heap   total 262144K, used 10675K [0x00000000e0000000, 0x0000000100000000)
  region size 1024K, 3 young (3072K), 3 survivors (3072K)
 Metaspace       used 2731K, committed 2944K, reserved 393216K
  class space    used 309K, committed 384K, reserved 327680K
}
Event: 13.561 GC heap before
{Heap before GC invocations=2 (full 0):
 garbage-first heap   total 262144K, used 166323K [0x00000000e0000000, 0x0000000100000000)
  region size 1024K, 153 young (156672K), 3 survivors (3072K)
 Metaspace       used 19028K, committed 19264K, reserved 393216K
  class space    used 2757K, committed 2880K, reserved 327680K
}
Event: 13.586 GC heap after
{Heap after GC invocations=3 (full 0):
 garbage-first heap   total 262144K, used 22925K [0x00000000e0000000, 0x0000000100000000)
  region size 1024K, 14 young (14336K), 14 survivors (14336K)
 Metaspace       used 19028K, committed 19264K, reserved 393216K
  class space    used 2757K, committed 2880K, reserved 327680K
}
Event: 14.898 GC heap before
{Heap before GC invocations=3 (full 0):
 garbage-first heap   total 262144K, used 42381K [0x00000000e0000000, 0x0000000100000000)
  region size 1024K, 34 young (34816K), 14 survivors (14336K)
 Metaspace       used 21233K, committed 21504K, reserved 393216K
  class space    used 3087K, committed 3200K, reserved 327680K
}
Event: 15.079 GC heap after
{Heap after GC invocations=4 (full 0):
 garbage-first heap   total 262144K, used 24862K [0x00000000e0000000, 0x0000000100000000)
  region size 1024K, 2 young (2048K), 2 survivors (2048K)
 Metaspace       used 21233K, committed 21504K, reserved 393216K
  class space    used 3087K, committed 3200K, reserved 327680K
}
Event: 19.995 GC heap before
{Heap before GC invocations=5 (full 0):
 garbage-first heap   total 262144K, used 119070K [0x00000000e0000000, 0x0000000100000000)
  region size 1024K, 95 young (97280K), 2 survivors (2048K)
 Metaspace       used 33807K, committed 34304K, reserved 393216K
  class space    used 4809K, committed 5056K, reserved 327680K
}
Event: 20.028 GC heap after
{Heap after GC invocations=6 (full 0):
 garbage-first heap   total 262144K, used 31478K [0x00000000e0000000, 0x0000000100000000)
  region size 1024K, 9 young (9216K), 9 survivors (9216K)
 Metaspace       used 33807K, committed 34304K, reserved 393216K
  class space    used 4809K, committed 5056K, reserved 327680K
}
Event: 20.839 GC heap before
{Heap before GC invocations=6 (full 0):
 garbage-first heap   total 262144K, used 56054K [0x00000000e0000000, 0x0000000100000000)
  region size 1024K, 29 young (29696K), 9 survivors (9216K)
 Metaspace       used 35567K, committed 35968K, reserved 393216K
  class space    used 4932K, committed 5120K, reserved 327680K
}
Event: 20.862 GC heap after
{Heap after GC invocations=7 (full 0):
 garbage-first heap   total 262144K, used 32827K [0x00000000e0000000, 0x0000000100000000)
  region size 1024K, 3 young (3072K), 3 survivors (3072K)
 Metaspace       used 35567K, committed 35968K, reserved 393216K
  class space    used 4932K, committed 5120K, reserved 327680K
}
Event: 29.898 GC heap before
{Heap before GC invocations=8 (full 0):
 garbage-first heap   total 262144K, used 187451K [0x00000000e0000000, 0x0000000100000000)
  region size 1024K, 153 young (156672K), 3 survivors (3072K)
 Metaspace       used 50064K, committed 50624K, reserved 393216K
  class space    used 7092K, committed 7360K, reserved 327680K
}
Event: 29.947 GC heap after
{Heap after GC invocations=9 (full 0):
 garbage-first heap   total 262144K, used 40731K [0x00000000e0000000, 0x0000000100000000)
  region size 1024K, 11 young (11264K), 11 survivors (11264K)
 Metaspace       used 50064K, committed 50624K, reserved 393216K
  class space    used 7092K, committed 7360K, reserved 327680K
}
Event: 46.383 GC heap before
{Heap before GC invocations=9 (full 0):
 garbage-first heap   total 262144K, used 186139K [0x00000000e0000000, 0x0000000100000000)
  region size 1024K, 153 young (156672K), 11 survivors (11264K)
 Metaspace       used 54505K, committed 55104K, reserved 393216K
  class space    used 7566K, committed 7872K, reserved 327680K
}
Event: 46.727 GC heap after
{Heap after GC invocations=10 (full 0):
 garbage-first heap   total 262144K, used 52460K [0x00000000e0000000, 0x0000000100000000)
  region size 1024K, 20 young (20480K), 20 survivors (20480K)
 Metaspace       used 54505K, committed 55104K, reserved 393216K
  class space    used 7566K, committed 7872K, reserved 327680K
}
Event: 51.322 GC heap before
{Heap before GC invocations=10 (full 0):
 garbage-first heap   total 262144K, used 93420K [0x00000000e0000000, 0x0000000100000000)
  region size 1024K, 60 young (61440K), 20 survivors (20480K)
 Metaspace       used 54834K, committed 55424K, reserved 393216K
  class space    used 7570K, committed 7872K, reserved 327680K
}
Event: 51.586 GC heap after
{Heap after GC invocations=11 (full 0):
 garbage-first heap   total 262144K, used 57343K [0x00000000e0000000, 0x0000000100000000)
  region size 1024K, 5 young (5120K), 5 survivors (5120K)
 Metaspace       used 54834K, committed 55424K, reserved 393216K
  class space    used 7570K, committed 7872K, reserved 327680K
}
Event: 65.973 GC heap before
{Heap before GC invocations=11 (full 0):
 garbage-first heap   total 262144K, used 129023K [0x00000000e0000000, 0x0000000100000000)
  region size 1024K, 76 young (77824K), 5 survivors (5120K)
 Metaspace       used 59673K, committed 60288K, reserved 393216K
  class space    used 8284K, committed 8576K, reserved 327680K
}
Event: 66.218 GC heap after
{Heap after GC invocations=12 (full 0):
 garbage-first heap   total 262144K, used 60412K [0x00000000e0000000, 0x0000000100000000)
  region size 1024K, 8 young (8192K), 8 survivors (8192K)
 Metaspace       used 59673K, committed 60288K, reserved 393216K
  class space    used 8284K, committed 8576K, reserved 327680K
}
Event: 73.332 GC heap before
{Heap before GC invocations=13 (full 0):
 garbage-first heap   total 262144K, used 76796K [0x00000000e0000000, 0x0000000100000000)
  region size 1024K, 24 young (24576K), 8 survivors (8192K)
 Metaspace       used 64402K, committed 65024K, reserved 393216K
  class space    used 8837K, committed 9088K, reserved 327680K
}
Event: 73.405 GC heap after
{Heap after GC invocations=14 (full 0):
 garbage-first heap   total 262144K, used 62226K [0x00000000e0000000, 0x0000000100000000)
  region size 1024K, 3 young (3072K), 3 survivors (3072K)
 Metaspace       used 64402K, committed 65024K, reserved 393216K
  class space    used 8837K, committed 9088K, reserved 327680K
}

Dll operation events (14 events):
Event: 0.050 Loaded shared library C:\kjy\jdk\jdk-17.0.8.101-hotspot\bin\java.dll
Event: 0.174 Loaded shared library C:\kjy\jdk\jdk-17.0.8.101-hotspot\bin\jsvml.dll
Event: 0.570 Loaded shared library C:\kjy\jdk\jdk-17.0.8.101-hotspot\bin\zip.dll
Event: 0.615 Loaded shared library C:\kjy\jdk\jdk-17.0.8.101-hotspot\bin\instrument.dll
Event: 0.659 Loaded shared library C:\kjy\jdk\jdk-17.0.8.101-hotspot\bin\net.dll
Event: 0.686 Loaded shared library C:\kjy\jdk\jdk-17.0.8.101-hotspot\bin\nio.dll
Event: 0.697 Loaded shared library C:\kjy\jdk\jdk-17.0.8.101-hotspot\bin\zip.dll
Event: 1.649 Loaded shared library C:\kjy\jdk\jdk-17.0.8.101-hotspot\bin\jimage.dll
Event: 2.741 Loaded shared library C:\kjy\jdk\jdk-17.0.8.101-hotspot\bin\verify.dll
Event: 3.614 Loaded shared library C:\Users\USER\.gradle\native\c067742578af261105cb4f569cf0c3c89f3d7b1fecec35dd04571415982c5e48\windows-amd64\native-platform.dll
Event: 3.760 Loaded shared library C:\Users\USER\.gradle\native\100fb08df4bc3b14c8652ba06237920a3bd2aa13389f12d3474272988ae205f9\windows-amd64\native-platform-file-events.dll
Event: 8.557 Loaded shared library C:\kjy\jdk\jdk-17.0.8.101-hotspot\bin\management.dll
Event: 8.565 Loaded shared library C:\kjy\jdk\jdk-17.0.8.101-hotspot\bin\management_ext.dll
Event: 10.372 Loaded shared library C:\kjy\jdk\jdk-17.0.8.101-hotspot\bin\sunmscapi.dll

Deoptimization events (20 events):
Event: 77.814 Thread 0x00000251fcae33b0 DEOPT PACKING pc=0x0000025187f03598 sp=0x000000be0fef6e10
Event: 77.814 Thread 0x00000251fcae33b0 DEOPT UNPACKING pc=0x00000251875869a3 sp=0x000000be0fef6dd8 mode 2
Event: 78.339 Thread 0x00000251fcae33b0 Uncommon trap: trap_request=0xffffffc6 fr.pc=0x0000025187f03598 relative=0x0000000000000058
Event: 78.339 Thread 0x00000251fcae33b0 Uncommon trap: reason=bimorphic_or_optimized_type_check action=maybe_recompile pc=0x0000025187f03598 method=java.util.AbstractQueue.add(Ljava/lang/Object;)Z @ 2 c2
Event: 78.339 Thread 0x00000251fcae33b0 DEOPT PACKING pc=0x0000025187f03598 sp=0x000000be0fef6e30
Event: 78.339 Thread 0x00000251fcae33b0 DEOPT UNPACKING pc=0x00000251875869a3 sp=0x000000be0fef6df8 mode 2
Event: 78.362 Thread 0x00000251fcae33b0 Uncommon trap: trap_request=0xffffffc6 fr.pc=0x0000025187f03598 relative=0x0000000000000058
Event: 78.362 Thread 0x00000251fcae33b0 Uncommon trap: reason=bimorphic_or_optimized_type_check action=maybe_recompile pc=0x0000025187f03598 method=java.util.AbstractQueue.add(Ljava/lang/Object;)Z @ 2 c2
Event: 78.362 Thread 0x00000251fcae33b0 DEOPT PACKING pc=0x0000025187f03598 sp=0x000000be0fef6fc0
Event: 78.362 Thread 0x00000251fcae33b0 DEOPT UNPACKING pc=0x00000251875869a3 sp=0x000000be0fef6f88 mode 2
Event: 78.646 Thread 0x00000251fcae33b0 Uncommon trap: trap_request=0xffffff45 fr.pc=0x00000251880aac24 relative=0x0000000000004924
Event: 78.646 Thread 0x00000251fcae33b0 Uncommon trap: reason=unstable_if action=reinterpret pc=0x00000251880aac24 method=com.sun.tools.javac.jvm.ClassReader.classSigToType()Lcom/sun/tools/javac/code/Type; @ 254 c2
Event: 78.646 Thread 0x00000251fcae33b0 DEOPT PACKING pc=0x00000251880aac24 sp=0x000000be0fef6a80
Event: 78.646 Thread 0x00000251fcae33b0 DEOPT UNPACKING pc=0x00000251875869a3 sp=0x000000be0fef6aa8 mode 2
Event: 78.760 Thread 0x00000251fcae33b0 DEOPT PACKING pc=0x0000025180cf4c30 sp=0x000000be0fef72d0
Event: 78.760 Thread 0x00000251fcae33b0 DEOPT UNPACKING pc=0x0000025187587143 sp=0x000000be0fef67b0 mode 0
Event: 79.665 Thread 0x00000251fcae33b0 Uncommon trap: trap_request=0xfffffff4 fr.pc=0x000002518809d264 relative=0x00000000000007e4
Event: 79.665 Thread 0x00000251fcae33b0 Uncommon trap: reason=null_check action=make_not_entrant pc=0x000002518809d264 method=jdk.internal.jimage.ImageReader$SharedImageReader.findNode(Ljava/lang/String;)Ljdk/internal/jimage/ImageReader$Node; @ 13 c2
Event: 79.666 Thread 0x00000251fcae33b0 DEOPT PACKING pc=0x000002518809d264 sp=0x000000be0fef6e10
Event: 79.666 Thread 0x00000251fcae33b0 DEOPT UNPACKING pc=0x00000251875869a3 sp=0x000000be0fef6de8 mode 2

Classes unloaded (0 events):
No events

Classes redefined (0 events):
No events

Internal exceptions (20 events):
Event: 53.596 Thread 0x00000251fac63580 Exception <a 'java/lang/ClassNotFoundException'{0x00000000ee1134e0}: org/gradle/api/DefaultTask_DecoratedBeanInfo> (0x00000000ee1134e0) 
thrown [s\src\hotspot\share\classfile\systemDictionary.cpp, line 256]
Event: 53.597 Thread 0x00000251fac63580 Exception <a 'java/lang/ClassNotFoundException'{0x00000000ee11dc28}: org/gradle/api/DefaultTask_DecoratedCustomizer> (0x00000000ee11dc28) 
thrown [s\src\hotspot\share\classfile\systemDictionary.cpp, line 256]
Event: 54.963 Thread 0x00000251fcae33b0 Exception <a 'java/lang/NoSuchMethodError'{0x00000000ee0b54f0}: 'java.lang.Object java.lang.invoke.DirectMethodHandle$Holder.newInvokeSpecial(java.lang.Object, java.lang.Object, int, java.lang.Object, java.lang.Object)'> (0x00000000ee0b54f0) 
thrown [s\src\hotspot\share\interpreter\linkResolver.cpp, line 759]
Event: 55.098 Thread 0x00000251fcae33b0 Exception <a 'java/lang/NoSuchMethodError'{0x00000000ede24a80}: 'void java.lang.invoke.DirectMethodHandle$Holder.invokeSpecial(java.lang.Object, java.lang.Object, java.lang.Object, java.lang.Object, int, java.lang.Object, java.lang.Object)'> (0x00000000ede24a80) 
thrown [s\src\hotspot\share\interpreter\linkResolver.cpp, line 759]
Event: 55.148 Thread 0x00000251fcae33b0 Exception <a 'java/lang/NoSuchMethodError'{0x00000000edeb2068}: 'void java.lang.invoke.DirectMethodHandle$Holder.invokeInterface(java.lang.Object, java.lang.Object, java.lang.Object, java.lang.Object)'> (0x00000000edeb2068) 
thrown [s\src\hotspot\share\interpreter\linkResolver.cpp, line 759]
Event: 55.352 Thread 0x00000251fac63a90 Exception <a 'java/lang/NoSuchMethodError'{0x00000000ee18e6d8}: static Lorg/gradle/internal/build/event/types/DefaultTaskStartedProgressEvent;.<clinit>()V> (0x00000000ee18e6d8) 
thrown [s\src\hotspot\share\prims\jni.cpp, line 1107]
Event: 55.371 Thread 0x00000251fac63a90 Exception <a 'java/lang/NoSuchMethodError'{0x00000000edb37b60}: static Lorg/gradle/internal/build/event/types/DefaultTaskDescriptor;.<clinit>()V> (0x00000000edb37b60) 
thrown [s\src\hotspot\share\prims\jni.cpp, line 1107]
Event: 55.381 Thread 0x00000251fac63a90 Exception <a 'java/lang/NoSuchMethodError'{0x00000000edb5b1e0}: static Lorg/gradle/internal/build/event/types/DefaultBinaryPluginIdentifier;.<clinit>()V> (0x00000000edb5b1e0) 
thrown [s\src\hotspot\share\prims\jni.cpp, line 1107]
Event: 55.790 Thread 0x00000251fcae33b0 Exception <a 'java/lang/IncompatibleClassChangeError'{0x00000000ed2ef5b0}: Found class java.lang.Object, but interface was expected> (0x00000000ed2ef5b0) 
thrown [s\src\hotspot\share\interpreter\linkResolver.cpp, line 826]
Event: 55.805 Thread 0x00000251fcae33b0 Exception <a 'java/lang/NoSuchMethodError'{0x00000000ed102310}: static Ljava/lang/Object;.<clinit>()V> (0x00000000ed102310) 
thrown [s\src\hotspot\share\prims\jni.cpp, line 1107]
Event: 57.624 Thread 0x00000251fcae33b0 Exception <a 'java/lang/NoSuchMethodError'{0x00000000ec895e00}: 'int java.lang.invoke.DirectMethodHandle$Holder.invokeStaticInit(java.lang.Object, java.lang.Object, java.lang.Object, java.lang.Object, java.lang.Object)'> (0x00000000ec895e00) 
thrown [s\src\hotspot\share\interpreter\linkResolver.cpp, line 759]
Event: 58.166 Thread 0x00000251fcae33b0 Exception <a 'java/lang/NoSuchMethodError'{0x00000000ec3d5780}: 'java.lang.Object java.lang.invoke.DirectMethodHandle$Holder.newInvokeSpecial(java.lang.Object, java.lang.Object, int, java.lang.Object, java.lang.Object, java.lang.Object, java.lang.Object)'> (0x00000000ec3d5780) 
thrown [s\src\hotspot\share\interpreter\linkResolver.cpp, line 759]
Event: 58.168 Thread 0x00000251fcae33b0 Exception <a 'java/lang/NoSuchMethodError'{0x00000000ec3df4e0}: 'java.lang.Object java.lang.invoke.Invokers$Holder.linkToTargetMethod(java.lang.Object, int, java.lang.Object, java.lang.Object, java.lang.Object, java.lang.Object, java.lang.Object)'> (0x00000000ec3df4e0) 
thrown [s\src\hotspot\share\interpreter\linkResolver.cpp, line 759]
Event: 71.438 Thread 0x00000251fcae33b0 Exception <a 'sun/nio/fs/WindowsException'{0x00000000ef22da70}> (0x00000000ef22da70) 
thrown [s\src\hotspot\share\prims\jni.cpp, line 516]
Event: 71.438 Thread 0x00000251fcae33b0 Exception <a 'sun/nio/fs/WindowsException'{0x00000000ef22dd70}> (0x00000000ef22dd70) 
thrown [s\src\hotspot\share\prims\jni.cpp, line 516]
Event: 71.793 Thread 0x00000251fcae33b0 Exception <a 'java/lang/NoSuchMethodError'{0x00000000ef2e3d78}: 'java.lang.Object java.lang.invoke.DirectMethodHandle$Holder.invokeVirtual(java.lang.Object, java.lang.Object, java.lang.Object, int, int)'> (0x00000000ef2e3d78) 
thrown [s\src\hotspot\share\interpreter\linkResolver.cpp, line 759]
Event: 72.439 Thread 0x00000251fcae33b0 Implicit null exception at 0x0000025187cf8d8c to 0x0000025187cf8ebe
Event: 77.163 Thread 0x00000251fcae33b0 Exception <a 'java/lang/NoSuchMethodError'{0x00000000eddac600}: 'int java.lang.invoke.DirectMethodHandle$Holder.invokeSpecial(java.lang.Object, java.lang.Object, java.lang.Object, java.lang.Object, java.lang.Object)'> (0x00000000eddac600) 
thrown [s\src\hotspot\share\interpreter\linkResolver.cpp, line 759]
Event: 77.173 Thread 0x00000251fcae33b0 Implicit null exception at 0x0000025187f1d66a to 0x0000025187f1dfec
Event: 77.255 Thread 0x00000251fcae33b0 Exception <a 'java/lang/NoSuchMethodError'{0x00000000edbb8628}: 'java.lang.Object java.lang.invoke.DirectMethodHandle$Holder.invokeStatic(java.lang.Object, java.lang.Object, int, int)'> (0x00000000edbb8628) 
thrown [s\src\hotspot\share\interpreter\linkResolver.cpp, line 759]

VM Operations (20 events):
Event: 72.461 Executing VM operation: Cleanup
Event: 72.461 Executing VM operation: Cleanup done
Event: 73.332 Executing VM operation: G1CollectForAllocation
Event: 73.406 Executing VM operation: G1CollectForAllocation done
Event: 73.854 Executing VM operation: G1PauseRemark
Event: 73.860 Executing VM operation: G1PauseRemark done
Event: 73.899 Executing VM operation: G1PauseCleanup
Event: 73.899 Executing VM operation: G1PauseCleanup done
Event: 74.905 Executing VM operation: Cleanup
Event: 74.905 Executing VM operation: Cleanup done
Event: 75.912 Executing VM operation: Cleanup
Event: 75.912 Executing VM operation: Cleanup done
Event: 76.917 Executing VM operation: Cleanup
Event: 76.933 Executing VM operation: Cleanup done
Event: 77.937 Executing VM operation: Cleanup
Event: 77.987 Executing VM operation: Cleanup done
Event: 78.991 Executing VM operation: Cleanup
Event: 79.008 Executing VM operation: Cleanup done
Event: 80.012 Executing VM operation: Cleanup
Event: 80.013 Executing VM operation: Cleanup done

Events (20 events):
Event: 69.861 Thread 0x00000251f507bc40 flushing nmethod 0x0000025180f77b10
Event: 69.861 Thread 0x00000251f507bc40 flushing nmethod 0x0000025181003110
Event: 69.861 Thread 0x00000251f507bc40 flushing nmethod 0x000002518103a990
Event: 69.862 Thread 0x00000251f507bc40 flushing nmethod 0x0000025181157390
Event: 69.864 Thread 0x00000251f507bc40 flushing nmethod 0x000002518134db10
Event: 69.865 Thread 0x00000251f507bc40 flushing nmethod 0x0000025181368090
Event: 69.865 Thread 0x00000251f507bc40 flushing nmethod 0x000002518136ba90
Event: 69.865 Thread 0x00000251f507bc40 flushing nmethod 0x000002518136ed90
Event: 69.865 Thread 0x00000251f507bc40 flushing nmethod 0x000002518136f790
Event: 69.865 Thread 0x00000251f507bc40 flushing nmethod 0x000002518139ee90
Event: 71.710 loading class java/util/regex/Pattern$Bound
Event: 71.713 loading class java/util/regex/Pattern$Bound done
Event: 77.184 loading class java/nio/file/Files$2
Event: 77.187 loading class java/nio/file/Files$2 done
Event: 77.191 loading class java/util/ImmutableCollections$Access
Event: 77.192 loading class java/util/ImmutableCollections$Access done
Event: 77.192 loading class java/util/ImmutableCollections$Access$1
Event: 77.192 loading class jdk/internal/access/JavaUtilCollectionAccess
Event: 77.194 loading class jdk/internal/access/JavaUtilCollectionAccess done
Event: 77.194 loading class java/util/ImmutableCollections$Access$1 done


Dynamic libraries:
0x00007ff6be050000 - 0x00007ff6be05e000 	C:\kjy\jdk\jdk-17.0.8.101-hotspot\bin\java.exe
0x00007ffdcc250000 - 0x00007ffdcc448000 	C:\WINDOWS\SYSTEM32\ntdll.dll
0x00007ffdcb160000 - 0x00007ffdcb222000 	C:\WINDOWS\System32\KERNEL32.DLL
0x00007ffdc9b70000 - 0x00007ffdc9e6f000 	C:\WINDOWS\System32\KERNELBASE.dll
0x00007ffdc9a70000 - 0x00007ffdc9b70000 	C:\WINDOWS\System32\ucrtbase.dll
0x00007ffda9310000 - 0x00007ffda9327000 	C:\kjy\jdk\jdk-17.0.8.101-hotspot\bin\jli.dll
0x00007ffda25d0000 - 0x00007ffda25e9000 	C:\kjy\jdk\jdk-17.0.8.101-hotspot\bin\VCRUNTIME140.dll
0x00007ffdca450000 - 0x00007ffdca5ed000 	C:\WINDOWS\System32\USER32.dll
0x00007ffdca230000 - 0x00007ffdca252000 	C:\WINDOWS\System32\win32u.dll
0x00007ffdcace0000 - 0x00007ffdcad0b000 	C:\WINDOWS\System32\GDI32.dll
0x00007ffdca070000 - 0x00007ffdca187000 	C:\WINDOWS\System32\gdi32full.dll
0x00007ffdca190000 - 0x00007ffdca22d000 	C:\WINDOWS\System32\msvcp_win.dll
0x00007ffdb7070000 - 0x00007ffdb730a000 	C:\WINDOWS\WinSxS\amd64_microsoft.windows.common-controls_6595b64144ccf1df_6.0.19041.4355_none_60b8b9eb71f62e16\COMCTL32.dll
0x00007ffdcafe0000 - 0x00007ffdcb07e000 	C:\WINDOWS\System32\msvcrt.dll
0x00007ffdcab00000 - 0x00007ffdcab2f000 	C:\WINDOWS\System32\IMM32.DLL
0x00007ffdb58b0000 - 0x00007ffdb58bc000 	C:\kjy\jdk\jdk-17.0.8.101-hotspot\bin\vcruntime140_1.dll
0x00007ffd849a0000 - 0x00007ffd84a31000 	C:\kjy\jdk\jdk-17.0.8.101-hotspot\bin\msvcp140.dll
0x00007ffd78cb0000 - 0x00007ffd798fc000 	C:\kjy\jdk\jdk-17.0.8.101-hotspot\bin\server\jvm.dll
0x00007ffdcbbb0000 - 0x00007ffdcbc61000 	C:\WINDOWS\System32\ADVAPI32.dll
0x00007ffdcad10000 - 0x00007ffdcadaf000 	C:\WINDOWS\System32\sechost.dll
0x00007ffdca2c0000 - 0x00007ffdca3e3000 	C:\WINDOWS\System32\RPCRT4.dll
0x00007ffdc9fd0000 - 0x00007ffdc9ff7000 	C:\WINDOWS\System32\bcrypt.dll
0x00007ffdc3c10000 - 0x00007ffdc3c19000 	C:\WINDOWS\SYSTEM32\WSOCK32.dll
0x00007ffdcae90000 - 0x00007ffdcaefb000 	C:\WINDOWS\System32\WS2_32.dll
0x00007ffdbf530000 - 0x00007ffdbf557000 	C:\WINDOWS\SYSTEM32\WINMM.dll
0x00007ffdbf560000 - 0x00007ffdbf56a000 	C:\WINDOWS\SYSTEM32\VERSION.dll
0x00007ffdc9740000 - 0x00007ffdc978b000 	C:\WINDOWS\SYSTEM32\POWRPROF.dll
0x00007ffdc9720000 - 0x00007ffdc9732000 	C:\WINDOWS\SYSTEM32\UMPDC.dll
0x00007ffdc7760000 - 0x00007ffdc7772000 	C:\WINDOWS\SYSTEM32\kernel.appcore.dll
0x00007ffdb5710000 - 0x00007ffdb571a000 	C:\kjy\jdk\jdk-17.0.8.101-hotspot\bin\jimage.dll
0x00007ffdbf900000 - 0x00007ffdbfae4000 	C:\WINDOWS\SYSTEM32\DBGHELP.DLL
0x00007ffdb5ad0000 - 0x00007ffdb5b04000 	C:\WINDOWS\SYSTEM32\dbgcore.DLL
0x00007ffdc9990000 - 0x00007ffdc9a12000 	C:\WINDOWS\System32\bcryptPrimitives.dll
0x00007ffdc3bd0000 - 0x00007ffdc3bde000 	C:\kjy\jdk\jdk-17.0.8.101-hotspot\bin\instrument.dll
0x00007ffd93b40000 - 0x00007ffd93b65000 	C:\kjy\jdk\jdk-17.0.8.101-hotspot\bin\java.dll
0x00007ffd81a70000 - 0x00007ffd81b46000 	C:\kjy\jdk\jdk-17.0.8.101-hotspot\bin\jsvml.dll
0x00007ffdcb370000 - 0x00007ffdcbade000 	C:\WINDOWS\System32\SHELL32.dll
0x00007ffdc7960000 - 0x00007ffdc8104000 	C:\WINDOWS\SYSTEM32\windows.storage.dll
0x00007ffdcbea0000 - 0x00007ffdcc1f5000 	C:\WINDOWS\System32\combase.dll
0x00007ffdc9240000 - 0x00007ffdc926f000 	C:\WINDOWS\SYSTEM32\Wldp.dll
0x00007ffdcb090000 - 0x00007ffdcb15d000 	C:\WINDOWS\System32\OLEAUT32.dll
0x00007ffdcbc70000 - 0x00007ffdcbd1d000 	C:\WINDOWS\System32\SHCORE.dll
0x00007ffdca3f0000 - 0x00007ffdca445000 	C:\WINDOWS\System32\shlwapi.dll
0x00007ffdc9810000 - 0x00007ffdc9834000 	C:\WINDOWS\SYSTEM32\profapi.dll
0x00007ffd92e70000 - 0x00007ffd92e88000 	C:\kjy\jdk\jdk-17.0.8.101-hotspot\bin\zip.dll
0x00007ffd99fa0000 - 0x00007ffd99fb9000 	C:\kjy\jdk\jdk-17.0.8.101-hotspot\bin\net.dll
0x00007ffdbd280000 - 0x00007ffdbd38d000 	C:\WINDOWS\SYSTEM32\WINHTTP.dll
0x00007ffdc8fa0000 - 0x00007ffdc900a000 	C:\WINDOWS\system32\mswsock.dll
0x00007ffd92e90000 - 0x00007ffd92ea5000 	C:\kjy\jdk\jdk-17.0.8.101-hotspot\bin\nio.dll
0x00007ffdb0f60000 - 0x00007ffdb0f70000 	C:\kjy\jdk\jdk-17.0.8.101-hotspot\bin\verify.dll
0x00007ffdc0e80000 - 0x00007ffdc0ea7000 	C:\Users\USER\.gradle\native\c067742578af261105cb4f569cf0c3c89f3d7b1fecec35dd04571415982c5e48\windows-amd64\native-platform.dll
0x00007ffda25f0000 - 0x00007ffda2734000 	C:\Users\USER\.gradle\native\100fb08df4bc3b14c8652ba06237920a3bd2aa13389f12d3474272988ae205f9\windows-amd64\native-platform-file-events.dll
0x00007ffdc3ea0000 - 0x00007ffdc3ea9000 	C:\kjy\jdk\jdk-17.0.8.101-hotspot\bin\management.dll
0x00007ffdc3d40000 - 0x00007ffdc3d4b000 	C:\kjy\jdk\jdk-17.0.8.101-hotspot\bin\management_ext.dll
0x00007ffdcb360000 - 0x00007ffdcb368000 	C:\WINDOWS\System32\PSAPI.DLL
0x00007ffdc91a0000 - 0x00007ffdc91b8000 	C:\WINDOWS\SYSTEM32\CRYPTSP.dll
0x00007ffdc88c0000 - 0x00007ffdc88f4000 	C:\WINDOWS\system32\rsaenh.dll
0x00007ffdc9790000 - 0x00007ffdc97be000 	C:\WINDOWS\SYSTEM32\USERENV.dll
0x00007ffdc9190000 - 0x00007ffdc919c000 	C:\WINDOWS\SYSTEM32\CRYPTBASE.dll
0x00007ffdc8c80000 - 0x00007ffdc8cbb000 	C:\WINDOWS\SYSTEM32\IPHLPAPI.DLL
0x00007ffdcc200000 - 0x00007ffdcc208000 	C:\WINDOWS\System32\NSI.dll
0x00007ffdbd540000 - 0x00007ffdbd557000 	C:\WINDOWS\SYSTEM32\dhcpcsvc6.DLL
0x00007ffdbf510000 - 0x00007ffdbf52d000 	C:\WINDOWS\SYSTEM32\dhcpcsvc.DLL
0x00007ffdc8cc0000 - 0x00007ffdc8d8a000 	C:\WINDOWS\SYSTEM32\DNSAPI.dll
0x00007ffdc3be0000 - 0x00007ffdc3bee000 	C:\kjy\jdk\jdk-17.0.8.101-hotspot\bin\sunmscapi.dll
0x00007ffdc9e70000 - 0x00007ffdc9fcc000 	C:\WINDOWS\System32\CRYPT32.dll
0x00007ffdc92b0000 - 0x00007ffdc92d7000 	C:\WINDOWS\SYSTEM32\ncrypt.dll
0x00007ffdc9270000 - 0x00007ffdc92ab000 	C:\WINDOWS\SYSTEM32\NTASN1.dll
0x00007ffdb5b20000 - 0x00007ffdb5b27000 	C:\WINDOWS\system32\wshunix.dll

dbghelp: loaded successfully - version: 4.0.5 - missing functions: none
symbol engine: initialized successfully - sym options: 0x614 - pdb path: .;C:\kjy\jdk\jdk-17.0.8.101-hotspot\bin;C:\WINDOWS\SYSTEM32;C:\WINDOWS\WinSxS\amd64_microsoft.windows.common-controls_6595b64144ccf1df_6.0.19041.4355_none_60b8b9eb71f62e16;C:\kjy\jdk\jdk-17.0.8.101-hotspot\bin\server;C:\Users\USER\.gradle\native\c067742578af261105cb4f569cf0c3c89f3d7b1fecec35dd04571415982c5e48\windows-amd64;C:\Users\USER\.gradle\native\100fb08df4bc3b14c8652ba06237920a3bd2aa13389f12d3474272988ae205f9\windows-amd64

VM Arguments:
jvm_args: --add-opens=java.base/java.util=ALL-UNNAMED --add-opens=java.base/java.lang=ALL-UNNAMED --add-opens=java.base/java.lang.invoke=ALL-UNNAMED --add-opens=java.prefs/java.util.prefs=ALL-UNNAMED --add-exports=jdk.compiler/com.sun.tools.javac.api=ALL-UNNAMED --add-exports=jdk.compiler/com.sun.tools.javac.util=ALL-UNNAMED --add-opens=java.base/java.nio.charset=ALL-UNNAMED --add-opens=java.base/java.net=ALL-UNNAMED --add-opens=java.base/java.util.concurrent.atomic=ALL-UNNAMED -XX:MaxMetaspaceSize=384m -XX:+HeapDumpOnOutOfMemoryError -Xms256m -Xmx512m -Dfile.encoding=UTF-8 -Duser.country -Duser.language=en -Duser.variant -javaagent:C:\Users\USER\.gradle\wrapper\dists\gradle-8.10.2-bin\a04bxjujx95o3nb99gddekhwo\gradle-8.10.2\lib\agents\gradle-instrumentation-agent-8.10.2.jar 
java_command: org.gradle.launcher.daemon.bootstrap.GradleDaemon 8.10.2
java_class_path (initial): C:\Users\USER\.gradle\wrapper\dists\gradle-8.10.2-bin\a04bxjujx95o3nb99gddekhwo\gradle-8.10.2\lib\gradle-daemon-main-8.10.2.jar
Launcher Type: SUN_STANDARD

[Global flags]
     intx CICompilerCount                          = 3                                         {product} {ergonomic}
   size_t CompressedClassSpaceSize                 = 335544320                                 {product} {ergonomic}
     uint ConcGCThreads                            = 1                                         {product} {ergonomic}
     uint G1ConcRefinementThreads                  = 4                                         {product} {ergonomic}
   size_t G1HeapRegionSize                         = 1048576                                   {product} {ergonomic}
    uintx GCDrainStackTargetSize                   = 64                                        {product} {ergonomic}
     bool HeapDumpOnOutOfMemoryError               = true                                   {manageable} {command line}
   size_t InitialHeapSize                          = 268435456                                 {product} {command line}
   size_t MarkStackSize                            = 4194304                                   {product} {ergonomic}
   size_t MaxHeapSize                              = 536870912                                 {product} {command line}
   size_t MaxMetaspaceSize                         = 402653184                                 {product} {command line}
   size_t MaxNewSize                               = 321912832                                 {product} {ergonomic}
   size_t MinHeapDeltaBytes                        = 1048576                                   {product} {ergonomic}
   size_t MinHeapSize                              = 268435456                                 {product} {command line}
    uintx NonNMethodCodeHeapSize                   = 5832780                                {pd product} {ergonomic}
    uintx NonProfiledCodeHeapSize                  = 122912730                              {pd product} {ergonomic}
    uintx ProfiledCodeHeapSize                     = 122912730                              {pd product} {ergonomic}
    uintx ReservedCodeCacheSize                    = 251658240                              {pd product} {ergonomic}
     bool SegmentedCodeCache                       = true                                      {product} {ergonomic}
   size_t SoftMaxHeapSize                          = 536870912                              {manageable} {ergonomic}
     bool UseCompressedClassPointers               = true                           {product lp64_product} {ergonomic}
     bool UseCompressedOops                        = true                           {product lp64_product} {ergonomic}
     bool UseG1GC                                  = true                                      {product} {ergonomic}
     bool UseLargePagesIndividualAllocation        = false                                  {pd product} {ergonomic}

Logging:
Log output configuration:
 #0: stdout all=warning uptime,level,tags
 #1: stderr all=off uptime,level,tags

Environment Variables:
JAVA_HOME=C:\kjy\jdk\jdk-17.0.8.101-hotspot
PATH=C:\Windows\system32;C:\Windows;C:\WINDOWS\system32;C:\WINDOWS;"C:\kjy\jdk\jdk-17.0.8.101-hotspot\bin;C:\WINDOWS";C:\WINDOWS\System32\Wbem;C:\WINDOWS\System32\WindowsPowerShell\v1.0\;C:\WINDOWS\System32\OpenSSH\;C:\ProgramData\Microsoft\Windows\Start Menu\Programs\MySQL\bin;C:\Program Files\nodejs\;C:\Program Files\Git\cmd;C:\Program Files\MySQL\MySQL Shell 8.0\bin\;C:\Windows\System32;C:\kjy\jdk\jdk-17.0.8.101-hotspot\bin;C:\Users\USER\AppData\Local\Microsoft\WindowsApps;C:\kjy\intellij\IntelliJ IDEA Community Edition 2023.2.1\bin;;C:\kjy\workspace\Microsoft VS Code\bin;C:\Users\USER\AppData\Roaming\npm
USERNAME=USER
OS=Windows_NT
PROCESSOR_IDENTIFIER=AMD64 Family 23 Model 17 Stepping 0, AuthenticAMD
TMP=C:\Users\USER\AppData\Local\Temp
TEMP=C:\Users\USER\AppData\Local\Temp



---------------  S Y S T E M  ---------------

OS:
 Windows 10 , 64 bit Build 19041 (10.0.19041.5198)
OS uptime: 6 days 8:17 hours

CPU: total 4 (initial active 4) (4 cores per cpu, 1 threads per core) family 23 model 17 stepping 0 microcode 0x0, cx8, cmov, fxsr, mmx, 3dnowpref, sse, sse2, sse3, ssse3, sse4a, sse4.1, sse4.2, popcnt, lzcnt, tsc, tscinvbit, avx, avx2, aes, clmul, bmi1, bmi2, adx, sha, fma, vzeroupper, clflush, clflushopt
Processor Information for all 4 processors :
  Max Mhz: 2000, Current Mhz: 2000, Mhz Limit: 2000

Memory: 4k page, system-wide physical 3485M (137M free)
TotalPageFile size 14237M (AvailPageFile size 5M)
current process WorkingSet (physical memory assigned to process): 226M, peak: 324M
current process commit charge ("private bytes"): 503M, peak: 508M

vm_info: OpenJDK 64-Bit Server VM (17.0.8.1+1) for windows-amd64 JRE (17.0.8.1+1), built on Aug 23 2023 15:29:17 by "admin" with MS VC++ 16.7 (VS2019)

END.
